<?xml version="1.0" encoding="UTF-8"?>
<!-- Generated by org.testng.reporters.JUnitXMLReporter -->
<testsuite hostname="IN2070121W2" ignored="0" name="3PO App Test Cases" tests="3" failures="1" timestamp="05 Jul 2018 09:13:20 GMT" time="59.201" errors="0">
  <testcase name="landingPageLogoTest" time="0.236" classname="com.ey.test3po.testcases.LandingPageTest"/>
  <testcase name="isOnHomePage" time="9.376" classname="com.ey.test3po.testcases.HomePageTest"/>
  <testcase name="getCurrentActityForQuestionnaireTest" time="0.344" classname="com.ey.test3po.testcases.GoalJourneyTest">
    <failure type="junit.framework.ComparisonFailure" message="expected:&amp;lt;...UserInfoGps...&amp;gt; but was:&amp;lt;...WelcomePage...&amp;gt;">
      <![CDATA[junit.framework.ComparisonFailure: expected:<...UserInfoGps...> but was:<...WelcomePage...>
at junit.framework.Assert.assertEquals(Assert.java:81)
at junit.framework.Assert.assertEquals(Assert.java:87)
at com.ey.test3po.testcases.GoalJourneyTest.getCurrentActityForQuestionnaireTest(GoalJourneyTest.java:54)
... Removed 25 stack frames]]>
    </failure>
  </testcase> <!-- getCurrentActityForQuestionnaireTest -->
</testsuite> <!-- 3PO App Test Cases -->
