<?xml version="1.0" encoding="UTF-8"?>
<!-- Generated by org.testng.reporters.JUnitXMLReporter -->
<testsuite hostname="IN2070121W2" ignored="0" name="EducationGoalUserSignUpJourneyMoreThan55Test" tests="5" failures="1" timestamp="18 Aug 2018 10:36:04 GMT" time="1687.208" errors="0">
  <testcase name="educationGoalMoreThan55" time="301.578" classname="com.ey.test3po.userjourney.EducationGoalUserSignUpJourneyMoreThan55Test"/>
  <testcase name="educationGoalMoreThan55" time="319.619" classname="com.ey.test3po.userjourney.EducationGoalUserSignUpJourneyMoreThan55Test"/>
  <testcase name="educationGoalMoreThan55" time="217.939" classname="com.ey.test3po.userjourney.EducationGoalUserSignUpJourneyMoreThan55Test"/>
  <testcase name="educationGoalMoreThan55" time="430.165" classname="com.ey.test3po.userjourney.EducationGoalUserSignUpJourneyMoreThan55Test"/>
  <testcase name="educationGoalMoreThan55" time="229.531" classname="com.ey.test3po.userjourney.EducationGoalUserSignUpJourneyMoreThan55Test">
    <failure type="java.lang.AssertionError" message="The following asserts failed:
	Suggested affordability mismacth in annual spending page in suggested text expected [62,867] but found [62,859],
	Suggested affordability mismacth in annual spending page in label legand expected [62,867] but found [62,859]">
      <![CDATA[java.lang.AssertionError: The following asserts failed:
Suggested affordability mismacth in annual spending page in suggested text expected [62,867] but found [62,859],
Suggested affordability mismacth in annual spending page in label legand expected [62,867] but found [62,859]
at com.ey.test3po.userjourney.EducationGoalUserSignUpJourneyMoreThan55Test.educationGoalMoreThan55(EducationGoalUserSignUpJourneyMoreThan55Test.java:166)
... Removed 26 stack frames]]>
    </failure>
  </testcase> <!-- educationGoalMoreThan55 -->
</testsuite> <!-- EducationGoalUserSignUpJourneyMoreThan55Test -->
