<?xml version="1.0" encoding="UTF-8"?>
<!-- Generated by org.testng.reporters.JUnitXMLReporter -->
<testsuite ignored="0" hostname="IN2070121W2" failures="1" tests="1" name="OtherGoalUserSignUpJourneyLessThan55Test" time="184.84" errors="0" timestamp="31 Oct 2018 05:41:09 GMT">
  <testcase classname="com.ey.test3po.userjourney.OtherGoalUserSignUpJourneyLessThan55Test" name="otherGoalGoalLessThan55" time="127.703">
    <failure type="java.lang.AssertionError" message="Suggested affordability mismatch in monthly contribution page expected [9,340] but found [9,345]">
      <![CDATA[java.lang.AssertionError: Suggested affordability mismatch in monthly contribution page expected [9,340] but found [9,345]
at com.ey.test3po.userjourney.OtherGoalUserSignUpJourneyLessThan55Test.otherGoalGoalLessThan55(OtherGoalUserSignUpJourneyLessThan55Test.java:129)
... Removed 29 stack frames]]>
    </failure>
  </testcase> <!-- otherGoalGoalLessThan55 -->
</testsuite> <!-- OtherGoalUserSignUpJourneyLessThan55Test -->
