<?xml version="1.0" encoding="UTF-8"?>
<!-- Generated by org.testng.reporters.JUnitXMLReporter -->
<testsuite hostname="IN2070121W2" ignored="0" name="OtherGoalUserSignUpJourneyLessThan55Test" tests="2" failures="1" timestamp="25 Sep 2018 13:23:58 GMT" time="579.885" errors="0">
  <testcase name="otherGoalGoalLessThan55" time="271.402" classname="com.ey.test3po.userjourney.OtherGoalUserSignUpJourneyLessThan55Test">
    <skipped/>
  </testcase> <!-- otherGoalGoalLessThan55 -->
  <testcase name="otherGoalGoalLessThan55" time="214.214" classname="com.ey.test3po.userjourney.OtherGoalUserSignUpJourneyLessThan55Test">
    <failure type="java.lang.AssertionError" message="Suggested affordabilty mismatch after click in delay page expected [23,561] but found [27,936]">
      <![CDATA[java.lang.AssertionError: Suggested affordabilty mismatch after click in delay page expected [23,561] but found [27,936]
at com.ey.test3po.userjourney.OtherGoalUserSignUpJourneyLessThan55Test.otherGoalGoalLessThan55(OtherGoalUserSignUpJourneyLessThan55Test.java:164)
... Removed 29 stack frames]]>
    </failure>
  </testcase> <!-- otherGoalGoalLessThan55 -->
</testsuite> <!-- OtherGoalUserSignUpJourneyLessThan55Test -->
