<?xml version="1.0" encoding="UTF-8"?>
<!-- Generated by org.testng.reporters.JUnitXMLReporter -->
<testsuite hostname="IN2070121W2" ignored="0" name="OtherGoalLessThan55Test" tests="22" failures="2" timestamp="18 Aug 2018 05:10:14 GMT" time="4917.07" errors="0">
  <testcase name="otherGoalGoalLessThan55" time="158.817" classname="com.ey.test3po.userjourney.OtherGoalUserSignUpJourneyLessThan55Test"/>
  <testcase name="otherGoalGoalLessThan55" time="270.452" classname="com.ey.test3po.userjourney.OtherGoalUserSignUpJourneyLessThan55Test"/>
  <testcase name="otherGoalGoalLessThan55" time="217.569" classname="com.ey.test3po.userjourney.OtherGoalUserSignUpJourneyLessThan55Test"/>
  <testcase name="otherGoalGoalLessThan55" time="103.486" classname="com.ey.test3po.userjourney.OtherGoalUserSignUpJourneyLessThan55Test"/>
  <testcase name="otherGoalGoalLessThan55" time="119.055" classname="com.ey.test3po.userjourney.OtherGoalUserSignUpJourneyLessThan55Test"/>
  <testcase name="otherGoalGoalLessThan55" time="212.432" classname="com.ey.test3po.userjourney.OtherGoalUserSignUpJourneyLessThan55Test"/>
  <testcase name="otherGoalGoalLessThan55" time="109.891" classname="com.ey.test3po.userjourney.OtherGoalUserSignUpJourneyLessThan55Test"/>
  <testcase name="otherGoalGoalLessThan55" time="160.901" classname="com.ey.test3po.userjourney.OtherGoalUserSignUpJourneyLessThan55Test"/>
  <testcase name="otherGoalGoalLessThan55" time="89.804" classname="com.ey.test3po.userjourney.OtherGoalUserSignUpJourneyLessThan55Test"/>
  <testcase name="otherGoalGoalLessThan55" time="264.611" classname="com.ey.test3po.userjourney.OtherGoalUserSignUpJourneyLessThan55Test"/>
  <testcase name="otherGoalGoalLessThan55" time="184.849" classname="com.ey.test3po.userjourney.OtherGoalUserSignUpJourneyLessThan55Test"/>
  <testcase name="otherGoalGoalLessThan55" time="269.191" classname="com.ey.test3po.userjourney.OtherGoalUserSignUpJourneyLessThan55Test"/>
  <testcase name="otherGoalGoalLessThan55" time="385.11" classname="com.ey.test3po.userjourney.OtherGoalUserSignUpJourneyLessThan55Test"/>
  <testcase name="otherGoalGoalLessThan55" time="201.367" classname="com.ey.test3po.userjourney.OtherGoalUserSignUpJourneyLessThan55Test"/>
  <testcase name="otherGoalGoalLessThan55" time="208.698" classname="com.ey.test3po.userjourney.OtherGoalUserSignUpJourneyLessThan55Test"/>
  <testcase name="otherGoalGoalLessThan55" time="148.31" classname="com.ey.test3po.userjourney.OtherGoalUserSignUpJourneyLessThan55Test"/>
  <testcase name="otherGoalGoalLessThan55" time="238.863" classname="com.ey.test3po.userjourney.OtherGoalUserSignUpJourneyLessThan55Test"/>
  <testcase name="otherGoalGoalLessThan55" time="161.274" classname="com.ey.test3po.userjourney.OtherGoalUserSignUpJourneyLessThan55Test"/>
  <testcase name="otherGoalGoalLessThan55" time="157.57" classname="com.ey.test3po.userjourney.OtherGoalUserSignUpJourneyLessThan55Test"/>
  <testcase name="otherGoalGoalLessThan55" time="263.268" classname="com.ey.test3po.userjourney.OtherGoalUserSignUpJourneyLessThan55Test"/>
  <testcase name="otherGoalGoalLessThan55" time="260.195" classname="com.ey.test3po.userjourney.OtherGoalUserSignUpJourneyLessThan55Test">
    <failure type="org.openqa.selenium.NoSuchSessionException" message="A session is either terminated or not started
Build info: version: &amp;apos;3.13.0&amp;apos;, revision: &amp;apos;2f0d292&amp;apos;, time: &amp;apos;2018-06-25T15:24:21.231Z&amp;apos;
System info: host: &amp;apos;IN2070121W2&amp;apos;, ip: &amp;apos;192.168.52.2&amp;apos;, os.name: &amp;apos;Windows 10&amp;apos;, os.arch: &amp;apos;amd64&amp;apos;, os.version: &amp;apos;10.0&amp;apos;, java.version: &amp;apos;1.8.0_171&amp;apos;
Driver info: io.appium.java_client.android.AndroidDriver
Capabilities {appActivity: com.eygsskpoc.ey3po.activit..., appPackage: com.eygsskpoc.ey3po, databaseEnabled: false, desired: {appActivity: com.eygsskpoc.ey3po.activit..., appPackage: com.eygsskpoc.ey3po, deviceName: 92010457a0ce2315, noReset: true, platformName: android, resetKeyboard: true, unicodeKeyboard: true, version: 5.1.1}, deviceManufacturer: samsung, deviceModel: SM-J200G, deviceName: 92010457a0ce2315, deviceScreenSize: 540x960, deviceUDID: 92010457a0ce2315, javascriptEnabled: true, locationContextEnabled: false, networkConnectionEnabled: true, noReset: true, platform: LINUX, platformName: Android, platformVersion: 5.1.1, resetKeyboard: true, takesScreenshot: true, unicodeKeyboard: true, version: 5.1.1, warnings: {}, webStorageEnabled: false}
Session ID: 7b6021c2-46e9-4657-8104-f1e5990944b3
*** Element info: {Using=xpath, value=//android.widget.TextView[@resource-id=&amp;apos;com.eygsskpoc.ey3po:id/textView_header&amp;apos; and @text=&amp;apos;Setting Up Your Other Goal&amp;apos;]}">
      <![CDATA[org.openqa.selenium.NoSuchSessionException: A session is either terminated or not started
Build info: version: '3.13.0', revision: '2f0d292', time: '2018-06-25T15:24:21.231Z'
System info: host: 'IN2070121W2', ip: '192.168.52.2', os.name: 'Windows 10', os.arch: 'amd64', os.version: '10.0', java.version: '1.8.0_171'
Driver info: io.appium.java_client.android.AndroidDriver
Capabilities {appActivity: com.eygsskpoc.ey3po.activit..., appPackage: com.eygsskpoc.ey3po, databaseEnabled: false, desired: {appActivity: com.eygsskpoc.ey3po.activit..., appPackage: com.eygsskpoc.ey3po, deviceName: 92010457a0ce2315, noReset: true, platformName: android, resetKeyboard: true, unicodeKeyboard: true, version: 5.1.1}, deviceManufacturer: samsung, deviceModel: SM-J200G, deviceName: 92010457a0ce2315, deviceScreenSize: 540x960, deviceUDID: 92010457a0ce2315, javascriptEnabled: true, locationContextEnabled: false, networkConnectionEnabled: true, noReset: true, platform: LINUX, platformName: Android, platformVersion: 5.1.1, resetKeyboard: true, takesScreenshot: true, unicodeKeyboard: true, version: 5.1.1, warnings: {}, webStorageEnabled: false}
Session ID: 7b6021c2-46e9-4657-8104-f1e5990944b3
*** Element info: {Using=xpath, value=//android.widget.TextView[@resource-id='com.eygsskpoc.ey3po:id/textView_header' and @text='Setting Up Your Other Goal']}
at org.openqa.selenium.remote.http.W3CHttpResponseCodec.createException(W3CHttpResponseCodec.java:187)
at org.openqa.selenium.remote.http.W3CHttpResponseCodec.decode(W3CHttpResponseCodec.java:122)
at org.openqa.selenium.remote.http.W3CHttpResponseCodec.decode(W3CHttpResponseCodec.java:49)
at org.openqa.selenium.remote.HttpCommandExecutor.execute(HttpCommandExecutor.java:158)
at io.appium.java_client.remote.AppiumCommandExecutor.execute(AppiumCommandExecutor.java:231)
at org.openqa.selenium.remote.RemoteWebDriver.execute(RemoteWebDriver.java:548)
at io.appium.java_client.DefaultGenericMobileDriver.execute(DefaultGenericMobileDriver.java:42)
at io.appium.java_client.AppiumDriver.execute(AppiumDriver.java:1)
at io.appium.java_client.android.AndroidDriver.execute(AndroidDriver.java:1)
at org.openqa.selenium.remote.RemoteWebDriver.findElement(RemoteWebDriver.java:322)
at io.appium.java_client.DefaultGenericMobileDriver.findElement(DefaultGenericMobileDriver.java:62)
at io.appium.java_client.AppiumDriver.findElement(AppiumDriver.java:1)
at io.appium.java_client.android.AndroidDriver.findElement(AndroidDriver.java:1)
at org.openqa.selenium.remote.RemoteWebDriver.findElementByXPath(RemoteWebDriver.java:424)
at io.appium.java_client.DefaultGenericMobileDriver.findElementByXPath(DefaultGenericMobileDriver.java:152)
at io.appium.java_client.AppiumDriver.findElementByXPath(AppiumDriver.java:1)
at io.appium.java_client.android.AndroidDriver.findElementByXPath(AndroidDriver.java:1)
at org.openqa.selenium.By$ByXPath.findElement(By.java:353)
at org.openqa.selenium.remote.RemoteWebDriver.findElement(RemoteWebDriver.java:314)
at io.appium.java_client.DefaultGenericMobileDriver.findElement(DefaultGenericMobileDriver.java:58)
at io.appium.java_client.AppiumDriver.findElement(AppiumDriver.java:1)
at io.appium.java_client.android.AndroidDriver.findElement(AndroidDriver.java:1)
at com.ey.test3po.pages.OtherGoalPlannedInvPage.getPageContent(OtherGoalPlannedInvPage.java:19)
at com.ey.test3po.userjourney.OtherGoalUserSignUpJourneyLessThan55Test.otherGoalGoalLessThan55(OtherGoalUserSignUpJourneyLessThan55Test.java:122)
... Removed 28 stack frames]]>
    </failure>
  </testcase> <!-- otherGoalGoalLessThan55 -->
  <testcase name="otherGoalGoalLessThan55" time="4917.044" classname="com.ey.test3po.userjourney.OtherGoalUserSignUpJourneyLessThan55Test">
    <failure type="org.openqa.selenium.NoSuchSessionException" message="A session is either terminated or not started
Build info: version: &amp;apos;3.13.0&amp;apos;, revision: &amp;apos;2f0d292&amp;apos;, time: &amp;apos;2018-06-25T15:24:21.231Z&amp;apos;
System info: host: &amp;apos;IN2070121W2&amp;apos;, ip: &amp;apos;192.168.52.2&amp;apos;, os.name: &amp;apos;Windows 10&amp;apos;, os.arch: &amp;apos;amd64&amp;apos;, os.version: &amp;apos;10.0&amp;apos;, java.version: &amp;apos;1.8.0_171&amp;apos;
Driver info: io.appium.java_client.android.AndroidDriver
Capabilities {appActivity: com.eygsskpoc.ey3po.activit..., appPackage: com.eygsskpoc.ey3po, databaseEnabled: false, desired: {appActivity: com.eygsskpoc.ey3po.activit..., appPackage: com.eygsskpoc.ey3po, deviceName: 92010457a0ce2315, noReset: true, platformName: android, resetKeyboard: true, unicodeKeyboard: true, version: 5.1.1}, deviceManufacturer: samsung, deviceModel: SM-J200G, deviceName: 92010457a0ce2315, deviceScreenSize: 540x960, deviceUDID: 92010457a0ce2315, javascriptEnabled: true, locationContextEnabled: false, networkConnectionEnabled: true, noReset: true, platform: LINUX, platformName: Android, platformVersion: 5.1.1, resetKeyboard: true, takesScreenshot: true, unicodeKeyboard: true, version: 5.1.1, warnings: {}, webStorageEnabled: false}
Session ID: 7b6021c2-46e9-4657-8104-f1e5990944b3">
      <![CDATA[org.openqa.selenium.NoSuchSessionException: A session is either terminated or not started
Build info: version: '3.13.0', revision: '2f0d292', time: '2018-06-25T15:24:21.231Z'
System info: host: 'IN2070121W2', ip: '192.168.52.2', os.name: 'Windows 10', os.arch: 'amd64', os.version: '10.0', java.version: '1.8.0_171'
Driver info: io.appium.java_client.android.AndroidDriver
Capabilities {appActivity: com.eygsskpoc.ey3po.activit..., appPackage: com.eygsskpoc.ey3po, databaseEnabled: false, desired: {appActivity: com.eygsskpoc.ey3po.activit..., appPackage: com.eygsskpoc.ey3po, deviceName: 92010457a0ce2315, noReset: true, platformName: android, resetKeyboard: true, unicodeKeyboard: true, version: 5.1.1}, deviceManufacturer: samsung, deviceModel: SM-J200G, deviceName: 92010457a0ce2315, deviceScreenSize: 540x960, deviceUDID: 92010457a0ce2315, javascriptEnabled: true, locationContextEnabled: false, networkConnectionEnabled: true, noReset: true, platform: LINUX, platformName: Android, platformVersion: 5.1.1, resetKeyboard: true, takesScreenshot: true, unicodeKeyboard: true, version: 5.1.1, warnings: {}, webStorageEnabled: false}
Session ID: 7b6021c2-46e9-4657-8104-f1e5990944b3
at org.openqa.selenium.remote.http.W3CHttpResponseCodec.createException(W3CHttpResponseCodec.java:187)
at org.openqa.selenium.remote.http.W3CHttpResponseCodec.decode(W3CHttpResponseCodec.java:122)
at org.openqa.selenium.remote.http.W3CHttpResponseCodec.decode(W3CHttpResponseCodec.java:49)
at org.openqa.selenium.remote.HttpCommandExecutor.execute(HttpCommandExecutor.java:158)
at io.appium.java_client.remote.AppiumCommandExecutor.execute(AppiumCommandExecutor.java:231)
at org.openqa.selenium.remote.RemoteWebDriver.execute(RemoteWebDriver.java:548)
at io.appium.java_client.DefaultGenericMobileDriver.execute(DefaultGenericMobileDriver.java:46)
at io.appium.java_client.AppiumDriver.execute(AppiumDriver.java:1)
at io.appium.java_client.android.AndroidDriver.execute(AndroidDriver.java:1)
at org.openqa.selenium.remote.RemoteWebDriver.getScreenshotAs(RemoteWebDriver.java:294)
at com.ey.test3po.extentreport.TestListener.onTestFailure(TestListener.java:55)
... Removed 26 stack frames]]>
    </failure>
  </testcase> <!-- otherGoalGoalLessThan55 -->
</testsuite> <!-- OtherGoalLessThan55Test -->
