<?xml version="1.0" encoding="UTF-8"?>
<!-- Generated by org.testng.reporters.JUnitXMLReporter -->
<testsuite hostname="IN2070121W2" ignored="0" name="RetirementGoalUserSignUpJourneyLessThan55Test" tests="3" failures="0" timestamp="10 Sep 2018 16:20:00 GMT" time="719.284" errors="0">
  <testcase name="retirementGoalLessThan55" time="173.379" classname="com.ey.test3po.userjourney.RetirementGoalUserSignUpJourneyLessThan55Test"/>
  <testcase name="retirementGoalLessThan55" time="182.784" classname="com.ey.test3po.userjourney.RetirementGoalUserSignUpJourneyLessThan55Test"/>
  <testcase name="retirementGoalLessThan55" time="238.794" classname="com.ey.test3po.userjourney.RetirementGoalUserSignUpJourneyLessThan55Test"/>
</testsuite> <!-- RetirementGoalUserSignUpJourneyLessThan55Test -->
