<?xml version="1.0" encoding="UTF-8"?>
<!-- Generated by org.testng.reporters.JUnitXMLReporter -->
<testsuite hostname="IN2070121W2" ignored="0" name="RetirementGoalUserSignUpJourneyLessThan55Test" tests="3" failures="0" timestamp="18 Aug 2018 07:08:47 GMT" time="1060.077" errors="0">
  <testcase name="retirementGoalLessThan55" time="246.816" classname="com.ey.test3po.userjourney.RetirementGoalUserSignUpJourneyLessThan55Test"/>
  <testcase name="retirementGoalLessThan55" time="237.136" classname="com.ey.test3po.userjourney.RetirementGoalUserSignUpJourneyLessThan55Test"/>
  <testcase name="retirementGoalLessThan55" time="326.876" classname="com.ey.test3po.userjourney.RetirementGoalUserSignUpJourneyLessThan55Test"/>
</testsuite> <!-- RetirementGoalUserSignUpJourneyLessThan55Test -->
