<?xml version="1.0" encoding="UTF-8"?>
<!-- Generated by org.testng.reporters.JUnitXMLReporter -->
<testsuite hostname="IN2070121W2" ignored="0" name="UserJourneyTest" tests="19" failures="4" timestamp="15 Aug 2018 15:00:36 GMT" time="4370.696" errors="0">
  <testcase name="educationGoalAnnualSpending" time="185.881" classname="com.ey.test3po.userjourney.EducationGoalUserSignUpJourneyLessThan55Test"/>
  <testcase name="educationGoalAnnualSpending" time="127.516" classname="com.ey.test3po.userjourney.EducationGoalUserSignUpJourneyLessThan55Test"/>
  <testcase name="educationGoalAnnualSpending" time="269.374" classname="com.ey.test3po.userjourney.EducationGoalUserSignUpJourneyLessThan55Test"/>
  <testcase name="largePurchaseSignUpLessThan55" time="332.13" classname="com.ey.test3po.userjourney.LargePurchaseUserSignUpJourneyLessThan55Test"/>
  <testcase name="largePurchaseSignUpLessThan55" time="190.37" classname="com.ey.test3po.userjourney.LargePurchaseUserSignUpJourneyLessThan55Test"/>
  <testcase name="largePurchaseSignUpLessThan55" time="99.104" classname="com.ey.test3po.userjourney.LargePurchaseUserSignUpJourneyLessThan55Test"/>
  <testcase name="largePurchaseSignUpLessThan55" time="144.886" classname="com.ey.test3po.userjourney.LargePurchaseUserSignUpJourneyLessThan55Test"/>
  <testcase name="largePurchaseSignUpLessThan55" time="270.008" classname="com.ey.test3po.userjourney.LargePurchaseUserSignUpJourneyLessThan55Test"/>
  <testcase name="largePurchaseSignUpLessThan55" time="180.39" classname="com.ey.test3po.userjourney.LargePurchaseUserSignUpJourneyLessThan55Test"/>
  <testcase name="otherGoalsAnnualSpending" time="281.764" classname="com.ey.test3po.userjourney.OtherGoalUserSignUpJourneyLessThan55Test"/>
  <testcase name="otherGoalsAnnualSpending" time="118.927" classname="com.ey.test3po.userjourney.OtherGoalUserSignUpJourneyLessThan55Test"/>
  <testcase name="otherGoalsAnnualSpending" time="199.735" classname="com.ey.test3po.userjourney.OtherGoalUserSignUpJourneyLessThan55Test"/>
  <testcase name="otherGoalsAnnualSpending" time="303.556" classname="com.ey.test3po.userjourney.OtherGoalUserSignUpJourneyLessThan55Test"/>
  <testcase name="otherGoalsAnnualSpending" time="270.71" classname="com.ey.test3po.userjourney.OtherGoalUserSignUpJourneyLessThan55Test"/>
  <testcase name="otherGoalsAnnualSpending" time="171.439" classname="com.ey.test3po.userjourney.OtherGoalUserSignUpJourneyLessThan55Test"/>
  <testcase name="emergencyFundAnnualSpending" time="134.99" classname="com.ey.test3po.userjourney.EmergencyUserSignUpJourneyTest">
    <failure type="org.openqa.selenium.NoSuchElementException" message="An element could not be located on the page using the given search parameters.
For documentation on this error, please visit: http://seleniumhq.org/exceptions/no_such_element.html
Build info: version: &amp;apos;3.13.0&amp;apos;, revision: &amp;apos;2f0d292&amp;apos;, time: &amp;apos;2018-06-25T15:24:21.231Z&amp;apos;
System info: host: &amp;apos;IN2070121W2&amp;apos;, ip: &amp;apos;192.168.52.2&amp;apos;, os.name: &amp;apos;Windows 10&amp;apos;, os.arch: &amp;apos;amd64&amp;apos;, os.version: &amp;apos;10.0&amp;apos;, java.version: &amp;apos;1.8.0_171&amp;apos;
Driver info: io.appium.java_client.android.AndroidDriver
Capabilities {appActivity: com.eygsskpoc.ey3po.activit..., appPackage: com.eygsskpoc.ey3po, databaseEnabled: false, desired: {appActivity: com.eygsskpoc.ey3po.activit..., appPackage: com.eygsskpoc.ey3po, deviceName: 92010457a0ce2315, noReset: true, platformName: android, resetKeyboard: true, unicodeKeyboard: true, version: 5.1.1}, deviceManufacturer: samsung, deviceModel: SM-J200G, deviceName: 92010457a0ce2315, deviceScreenSize: 540x960, deviceUDID: 92010457a0ce2315, javascriptEnabled: true, locationContextEnabled: false, networkConnectionEnabled: true, noReset: true, platform: LINUX, platformName: Android, platformVersion: 5.1.1, resetKeyboard: true, takesScreenshot: true, unicodeKeyboard: true, version: 5.1.1, warnings: {}, webStorageEnabled: false}
Session ID: 51e3c794-88e8-45db-8e96-19f809e7e0a8
*** Element info: {Using=id, value=//*[@resource-id=&amp;apos;com.eygsskpoc.ey3po:id/textView_subheader&amp;apos; and @text=&amp;apos;Annual Spending&amp;apos;]/../../../../following-sibling::*[@resource-id=&amp;apos;com.eygsskpoc.ey3po:id/headder_layout&amp;apos;]/descendant::*[@resource-id=&amp;apos;com.eygsskpoc.ey3po:id/label_legend&amp;apos;]}">
      <![CDATA[org.openqa.selenium.NoSuchElementException: An element could not be located on the page using the given search parameters.
For documentation on this error, please visit: http://seleniumhq.org/exceptions/no_such_element.html
Build info: version: '3.13.0', revision: '2f0d292', time: '2018-06-25T15:24:21.231Z'
System info: host: 'IN2070121W2', ip: '192.168.52.2', os.name: 'Windows 10', os.arch: 'amd64', os.version: '10.0', java.version: '1.8.0_171'
Driver info: io.appium.java_client.android.AndroidDriver
Capabilities {appActivity: com.eygsskpoc.ey3po.activit..., appPackage: com.eygsskpoc.ey3po, databaseEnabled: false, desired: {appActivity: com.eygsskpoc.ey3po.activit..., appPackage: com.eygsskpoc.ey3po, deviceName: 92010457a0ce2315, noReset: true, platformName: android, resetKeyboard: true, unicodeKeyboard: true, version: 5.1.1}, deviceManufacturer: samsung, deviceModel: SM-J200G, deviceName: 92010457a0ce2315, deviceScreenSize: 540x960, deviceUDID: 92010457a0ce2315, javascriptEnabled: true, locationContextEnabled: false, networkConnectionEnabled: true, noReset: true, platform: LINUX, platformName: Android, platformVersion: 5.1.1, resetKeyboard: true, takesScreenshot: true, unicodeKeyboard: true, version: 5.1.1, warnings: {}, webStorageEnabled: false}
Session ID: 51e3c794-88e8-45db-8e96-19f809e7e0a8
*** Element info: {Using=id, value=//*[@resource-id='com.eygsskpoc.ey3po:id/textView_subheader' and @text='Annual Spending']/../../../../following-sibling::*[@resource-id='com.eygsskpoc.ey3po:id/headder_layout']/descendant::*[@resource-id='com.eygsskpoc.ey3po:id/label_legend']}
at org.openqa.selenium.remote.http.W3CHttpResponseCodec.createException(W3CHttpResponseCodec.java:187)
at org.openqa.selenium.remote.http.W3CHttpResponseCodec.decode(W3CHttpResponseCodec.java:122)
at org.openqa.selenium.remote.http.W3CHttpResponseCodec.decode(W3CHttpResponseCodec.java:49)
at org.openqa.selenium.remote.HttpCommandExecutor.execute(HttpCommandExecutor.java:158)
at io.appium.java_client.remote.AppiumCommandExecutor.execute(AppiumCommandExecutor.java:231)
at org.openqa.selenium.remote.RemoteWebDriver.execute(RemoteWebDriver.java:548)
at io.appium.java_client.DefaultGenericMobileDriver.execute(DefaultGenericMobileDriver.java:42)
at io.appium.java_client.AppiumDriver.execute(AppiumDriver.java:1)
at io.appium.java_client.android.AndroidDriver.execute(AndroidDriver.java:1)
at org.openqa.selenium.remote.RemoteWebDriver.findElement(RemoteWebDriver.java:322)
at io.appium.java_client.DefaultGenericMobileDriver.findElement(DefaultGenericMobileDriver.java:62)
at io.appium.java_client.AppiumDriver.findElement(AppiumDriver.java:1)
at io.appium.java_client.android.AndroidDriver.findElement(AndroidDriver.java:1)
at org.openqa.selenium.remote.RemoteWebDriver.findElementById(RemoteWebDriver.java:368)
at io.appium.java_client.DefaultGenericMobileDriver.findElementById(DefaultGenericMobileDriver.java:70)
at io.appium.java_client.AppiumDriver.findElementById(AppiumDriver.java:1)
at io.appium.java_client.android.AndroidDriver.findElementById(AndroidDriver.java:1)
at org.openqa.selenium.By$ById.findElement(By.java:188)
at org.openqa.selenium.remote.RemoteWebDriver.findElement(RemoteWebDriver.java:314)
at io.appium.java_client.DefaultGenericMobileDriver.findElement(DefaultGenericMobileDriver.java:58)
at io.appium.java_client.AppiumDriver.findElement(AppiumDriver.java:1)
at io.appium.java_client.android.AndroidDriver.findElement(AndroidDriver.java:1)
at com.ey.test3po.pages.EmergencyFundAnnualSpendingPage.getPageContent(EmergencyFundAnnualSpendingPage.java:22)
at com.ey.test3po.userjourney.EmergencyUserSignUpJourneyTest.emergencyFundAnnualSpending(EmergencyUserSignUpJourneyTest.java:85)
... Removed 29 stack frames]]>
    </failure>
  </testcase> <!-- emergencyFundAnnualSpending -->
  <testcase name="emergencyFundAnnualSpending" time="125.382" classname="com.ey.test3po.userjourney.EmergencyUserSignUpJourneyTest">
    <failure type="org.openqa.selenium.NoSuchElementException" message="An element could not be located on the page using the given search parameters.
For documentation on this error, please visit: http://seleniumhq.org/exceptions/no_such_element.html
Build info: version: &amp;apos;3.13.0&amp;apos;, revision: &amp;apos;2f0d292&amp;apos;, time: &amp;apos;2018-06-25T15:24:21.231Z&amp;apos;
System info: host: &amp;apos;IN2070121W2&amp;apos;, ip: &amp;apos;192.168.52.2&amp;apos;, os.name: &amp;apos;Windows 10&amp;apos;, os.arch: &amp;apos;amd64&amp;apos;, os.version: &amp;apos;10.0&amp;apos;, java.version: &amp;apos;1.8.0_171&amp;apos;
Driver info: io.appium.java_client.android.AndroidDriver
Capabilities {appActivity: com.eygsskpoc.ey3po.activit..., appPackage: com.eygsskpoc.ey3po, databaseEnabled: false, desired: {appActivity: com.eygsskpoc.ey3po.activit..., appPackage: com.eygsskpoc.ey3po, deviceName: 92010457a0ce2315, noReset: true, platformName: android, resetKeyboard: true, unicodeKeyboard: true, version: 5.1.1}, deviceManufacturer: samsung, deviceModel: SM-J200G, deviceName: 92010457a0ce2315, deviceScreenSize: 540x960, deviceUDID: 92010457a0ce2315, javascriptEnabled: true, locationContextEnabled: false, networkConnectionEnabled: true, noReset: true, platform: LINUX, platformName: Android, platformVersion: 5.1.1, resetKeyboard: true, takesScreenshot: true, unicodeKeyboard: true, version: 5.1.1, warnings: {}, webStorageEnabled: false}
Session ID: f2aea1fc-f911-4ce1-8d8a-8831fc4459ad
*** Element info: {Using=id, value=//*[@resource-id=&amp;apos;com.eygsskpoc.ey3po:id/textView_subheader&amp;apos; and @text=&amp;apos;Annual Spending&amp;apos;]/../../../../following-sibling::*[@resource-id=&amp;apos;com.eygsskpoc.ey3po:id/headder_layout&amp;apos;]/descendant::*[@resource-id=&amp;apos;com.eygsskpoc.ey3po:id/label_legend&amp;apos;]}">
      <![CDATA[org.openqa.selenium.NoSuchElementException: An element could not be located on the page using the given search parameters.
For documentation on this error, please visit: http://seleniumhq.org/exceptions/no_such_element.html
Build info: version: '3.13.0', revision: '2f0d292', time: '2018-06-25T15:24:21.231Z'
System info: host: 'IN2070121W2', ip: '192.168.52.2', os.name: 'Windows 10', os.arch: 'amd64', os.version: '10.0', java.version: '1.8.0_171'
Driver info: io.appium.java_client.android.AndroidDriver
Capabilities {appActivity: com.eygsskpoc.ey3po.activit..., appPackage: com.eygsskpoc.ey3po, databaseEnabled: false, desired: {appActivity: com.eygsskpoc.ey3po.activit..., appPackage: com.eygsskpoc.ey3po, deviceName: 92010457a0ce2315, noReset: true, platformName: android, resetKeyboard: true, unicodeKeyboard: true, version: 5.1.1}, deviceManufacturer: samsung, deviceModel: SM-J200G, deviceName: 92010457a0ce2315, deviceScreenSize: 540x960, deviceUDID: 92010457a0ce2315, javascriptEnabled: true, locationContextEnabled: false, networkConnectionEnabled: true, noReset: true, platform: LINUX, platformName: Android, platformVersion: 5.1.1, resetKeyboard: true, takesScreenshot: true, unicodeKeyboard: true, version: 5.1.1, warnings: {}, webStorageEnabled: false}
Session ID: f2aea1fc-f911-4ce1-8d8a-8831fc4459ad
*** Element info: {Using=id, value=//*[@resource-id='com.eygsskpoc.ey3po:id/textView_subheader' and @text='Annual Spending']/../../../../following-sibling::*[@resource-id='com.eygsskpoc.ey3po:id/headder_layout']/descendant::*[@resource-id='com.eygsskpoc.ey3po:id/label_legend']}
at org.openqa.selenium.remote.http.W3CHttpResponseCodec.createException(W3CHttpResponseCodec.java:187)
at org.openqa.selenium.remote.http.W3CHttpResponseCodec.decode(W3CHttpResponseCodec.java:122)
at org.openqa.selenium.remote.http.W3CHttpResponseCodec.decode(W3CHttpResponseCodec.java:49)
at org.openqa.selenium.remote.HttpCommandExecutor.execute(HttpCommandExecutor.java:158)
at io.appium.java_client.remote.AppiumCommandExecutor.execute(AppiumCommandExecutor.java:231)
at org.openqa.selenium.remote.RemoteWebDriver.execute(RemoteWebDriver.java:548)
at io.appium.java_client.DefaultGenericMobileDriver.execute(DefaultGenericMobileDriver.java:42)
at io.appium.java_client.AppiumDriver.execute(AppiumDriver.java:1)
at io.appium.java_client.android.AndroidDriver.execute(AndroidDriver.java:1)
at org.openqa.selenium.remote.RemoteWebDriver.findElement(RemoteWebDriver.java:322)
at io.appium.java_client.DefaultGenericMobileDriver.findElement(DefaultGenericMobileDriver.java:62)
at io.appium.java_client.AppiumDriver.findElement(AppiumDriver.java:1)
at io.appium.java_client.android.AndroidDriver.findElement(AndroidDriver.java:1)
at org.openqa.selenium.remote.RemoteWebDriver.findElementById(RemoteWebDriver.java:368)
at io.appium.java_client.DefaultGenericMobileDriver.findElementById(DefaultGenericMobileDriver.java:70)
at io.appium.java_client.AppiumDriver.findElementById(AppiumDriver.java:1)
at io.appium.java_client.android.AndroidDriver.findElementById(AndroidDriver.java:1)
at org.openqa.selenium.By$ById.findElement(By.java:188)
at org.openqa.selenium.remote.RemoteWebDriver.findElement(RemoteWebDriver.java:314)
at io.appium.java_client.DefaultGenericMobileDriver.findElement(DefaultGenericMobileDriver.java:58)
at io.appium.java_client.AppiumDriver.findElement(AppiumDriver.java:1)
at io.appium.java_client.android.AndroidDriver.findElement(AndroidDriver.java:1)
at com.ey.test3po.pages.EmergencyFundAnnualSpendingPage.getPageContent(EmergencyFundAnnualSpendingPage.java:22)
at com.ey.test3po.userjourney.EmergencyUserSignUpJourneyTest.emergencyFundAnnualSpending(EmergencyUserSignUpJourneyTest.java:85)
... Removed 29 stack frames]]>
    </failure>
  </testcase> <!-- emergencyFundAnnualSpending -->
  <testcase name="emergencyFundAnnualSpending" time="119.786" classname="com.ey.test3po.userjourney.EmergencyUserSignUpJourneyTest">
    <failure type="org.openqa.selenium.NoSuchElementException" message="An element could not be located on the page using the given search parameters.
For documentation on this error, please visit: http://seleniumhq.org/exceptions/no_such_element.html
Build info: version: &amp;apos;3.13.0&amp;apos;, revision: &amp;apos;2f0d292&amp;apos;, time: &amp;apos;2018-06-25T15:24:21.231Z&amp;apos;
System info: host: &amp;apos;IN2070121W2&amp;apos;, ip: &amp;apos;192.168.52.2&amp;apos;, os.name: &amp;apos;Windows 10&amp;apos;, os.arch: &amp;apos;amd64&amp;apos;, os.version: &amp;apos;10.0&amp;apos;, java.version: &amp;apos;1.8.0_171&amp;apos;
Driver info: io.appium.java_client.android.AndroidDriver
Capabilities {appActivity: com.eygsskpoc.ey3po.activit..., appPackage: com.eygsskpoc.ey3po, databaseEnabled: false, desired: {appActivity: com.eygsskpoc.ey3po.activit..., appPackage: com.eygsskpoc.ey3po, deviceName: 92010457a0ce2315, noReset: true, platformName: android, resetKeyboard: true, unicodeKeyboard: true, version: 5.1.1}, deviceManufacturer: samsung, deviceModel: SM-J200G, deviceName: 92010457a0ce2315, deviceScreenSize: 540x960, deviceUDID: 92010457a0ce2315, javascriptEnabled: true, locationContextEnabled: false, networkConnectionEnabled: true, noReset: true, platform: LINUX, platformName: Android, platformVersion: 5.1.1, resetKeyboard: true, takesScreenshot: true, unicodeKeyboard: true, version: 5.1.1, warnings: {}, webStorageEnabled: false}
Session ID: 48e00567-33b3-4e12-ae95-1b5c726d8cf5
*** Element info: {Using=id, value=//*[@resource-id=&amp;apos;com.eygsskpoc.ey3po:id/textView_subheader&amp;apos; and @text=&amp;apos;Annual Spending&amp;apos;]/../../../../following-sibling::*[@resource-id=&amp;apos;com.eygsskpoc.ey3po:id/headder_layout&amp;apos;]/descendant::*[@resource-id=&amp;apos;com.eygsskpoc.ey3po:id/label_legend&amp;apos;]}">
      <![CDATA[org.openqa.selenium.NoSuchElementException: An element could not be located on the page using the given search parameters.
For documentation on this error, please visit: http://seleniumhq.org/exceptions/no_such_element.html
Build info: version: '3.13.0', revision: '2f0d292', time: '2018-06-25T15:24:21.231Z'
System info: host: 'IN2070121W2', ip: '192.168.52.2', os.name: 'Windows 10', os.arch: 'amd64', os.version: '10.0', java.version: '1.8.0_171'
Driver info: io.appium.java_client.android.AndroidDriver
Capabilities {appActivity: com.eygsskpoc.ey3po.activit..., appPackage: com.eygsskpoc.ey3po, databaseEnabled: false, desired: {appActivity: com.eygsskpoc.ey3po.activit..., appPackage: com.eygsskpoc.ey3po, deviceName: 92010457a0ce2315, noReset: true, platformName: android, resetKeyboard: true, unicodeKeyboard: true, version: 5.1.1}, deviceManufacturer: samsung, deviceModel: SM-J200G, deviceName: 92010457a0ce2315, deviceScreenSize: 540x960, deviceUDID: 92010457a0ce2315, javascriptEnabled: true, locationContextEnabled: false, networkConnectionEnabled: true, noReset: true, platform: LINUX, platformName: Android, platformVersion: 5.1.1, resetKeyboard: true, takesScreenshot: true, unicodeKeyboard: true, version: 5.1.1, warnings: {}, webStorageEnabled: false}
Session ID: 48e00567-33b3-4e12-ae95-1b5c726d8cf5
*** Element info: {Using=id, value=//*[@resource-id='com.eygsskpoc.ey3po:id/textView_subheader' and @text='Annual Spending']/../../../../following-sibling::*[@resource-id='com.eygsskpoc.ey3po:id/headder_layout']/descendant::*[@resource-id='com.eygsskpoc.ey3po:id/label_legend']}
at org.openqa.selenium.remote.http.W3CHttpResponseCodec.createException(W3CHttpResponseCodec.java:187)
at org.openqa.selenium.remote.http.W3CHttpResponseCodec.decode(W3CHttpResponseCodec.java:122)
at org.openqa.selenium.remote.http.W3CHttpResponseCodec.decode(W3CHttpResponseCodec.java:49)
at org.openqa.selenium.remote.HttpCommandExecutor.execute(HttpCommandExecutor.java:158)
at io.appium.java_client.remote.AppiumCommandExecutor.execute(AppiumCommandExecutor.java:231)
at org.openqa.selenium.remote.RemoteWebDriver.execute(RemoteWebDriver.java:548)
at io.appium.java_client.DefaultGenericMobileDriver.execute(DefaultGenericMobileDriver.java:42)
at io.appium.java_client.AppiumDriver.execute(AppiumDriver.java:1)
at io.appium.java_client.android.AndroidDriver.execute(AndroidDriver.java:1)
at org.openqa.selenium.remote.RemoteWebDriver.findElement(RemoteWebDriver.java:322)
at io.appium.java_client.DefaultGenericMobileDriver.findElement(DefaultGenericMobileDriver.java:62)
at io.appium.java_client.AppiumDriver.findElement(AppiumDriver.java:1)
at io.appium.java_client.android.AndroidDriver.findElement(AndroidDriver.java:1)
at org.openqa.selenium.remote.RemoteWebDriver.findElementById(RemoteWebDriver.java:368)
at io.appium.java_client.DefaultGenericMobileDriver.findElementById(DefaultGenericMobileDriver.java:70)
at io.appium.java_client.AppiumDriver.findElementById(AppiumDriver.java:1)
at io.appium.java_client.android.AndroidDriver.findElementById(AndroidDriver.java:1)
at org.openqa.selenium.By$ById.findElement(By.java:188)
at org.openqa.selenium.remote.RemoteWebDriver.findElement(RemoteWebDriver.java:314)
at io.appium.java_client.DefaultGenericMobileDriver.findElement(DefaultGenericMobileDriver.java:58)
at io.appium.java_client.AppiumDriver.findElement(AppiumDriver.java:1)
at io.appium.java_client.android.AndroidDriver.findElement(AndroidDriver.java:1)
at com.ey.test3po.pages.EmergencyFundAnnualSpendingPage.getPageContent(EmergencyFundAnnualSpendingPage.java:22)
at com.ey.test3po.userjourney.EmergencyUserSignUpJourneyTest.emergencyFundAnnualSpending(EmergencyUserSignUpJourneyTest.java:85)
... Removed 29 stack frames]]>
    </failure>
  </testcase> <!-- emergencyFundAnnualSpending -->
  <testcase name="emergencyFundAnnualSpending" time="115.839" classname="com.ey.test3po.userjourney.EmergencyUserSignUpJourneyTest">
    <failure type="org.openqa.selenium.NoSuchElementException" message="An element could not be located on the page using the given search parameters.
For documentation on this error, please visit: http://seleniumhq.org/exceptions/no_such_element.html
Build info: version: &amp;apos;3.13.0&amp;apos;, revision: &amp;apos;2f0d292&amp;apos;, time: &amp;apos;2018-06-25T15:24:21.231Z&amp;apos;
System info: host: &amp;apos;IN2070121W2&amp;apos;, ip: &amp;apos;192.168.52.2&amp;apos;, os.name: &amp;apos;Windows 10&amp;apos;, os.arch: &amp;apos;amd64&amp;apos;, os.version: &amp;apos;10.0&amp;apos;, java.version: &amp;apos;1.8.0_171&amp;apos;
Driver info: io.appium.java_client.android.AndroidDriver
Capabilities {appActivity: com.eygsskpoc.ey3po.activit..., appPackage: com.eygsskpoc.ey3po, databaseEnabled: false, desired: {appActivity: com.eygsskpoc.ey3po.activit..., appPackage: com.eygsskpoc.ey3po, deviceName: 92010457a0ce2315, noReset: true, platformName: android, resetKeyboard: true, unicodeKeyboard: true, version: 5.1.1}, deviceManufacturer: samsung, deviceModel: SM-J200G, deviceName: 92010457a0ce2315, deviceScreenSize: 540x960, deviceUDID: 92010457a0ce2315, javascriptEnabled: true, locationContextEnabled: false, networkConnectionEnabled: true, noReset: true, platform: LINUX, platformName: Android, platformVersion: 5.1.1, resetKeyboard: true, takesScreenshot: true, unicodeKeyboard: true, version: 5.1.1, warnings: {}, webStorageEnabled: false}
Session ID: b5df66a5-1dbe-49e1-95c9-565ab7e9e046
*** Element info: {Using=id, value=//*[@resource-id=&amp;apos;com.eygsskpoc.ey3po:id/textView_subheader&amp;apos; and @text=&amp;apos;Annual Spending&amp;apos;]/../../../../following-sibling::*[@resource-id=&amp;apos;com.eygsskpoc.ey3po:id/headder_layout&amp;apos;]/descendant::*[@resource-id=&amp;apos;com.eygsskpoc.ey3po:id/label_legend&amp;apos;]}">
      <![CDATA[org.openqa.selenium.NoSuchElementException: An element could not be located on the page using the given search parameters.
For documentation on this error, please visit: http://seleniumhq.org/exceptions/no_such_element.html
Build info: version: '3.13.0', revision: '2f0d292', time: '2018-06-25T15:24:21.231Z'
System info: host: 'IN2070121W2', ip: '192.168.52.2', os.name: 'Windows 10', os.arch: 'amd64', os.version: '10.0', java.version: '1.8.0_171'
Driver info: io.appium.java_client.android.AndroidDriver
Capabilities {appActivity: com.eygsskpoc.ey3po.activit..., appPackage: com.eygsskpoc.ey3po, databaseEnabled: false, desired: {appActivity: com.eygsskpoc.ey3po.activit..., appPackage: com.eygsskpoc.ey3po, deviceName: 92010457a0ce2315, noReset: true, platformName: android, resetKeyboard: true, unicodeKeyboard: true, version: 5.1.1}, deviceManufacturer: samsung, deviceModel: SM-J200G, deviceName: 92010457a0ce2315, deviceScreenSize: 540x960, deviceUDID: 92010457a0ce2315, javascriptEnabled: true, locationContextEnabled: false, networkConnectionEnabled: true, noReset: true, platform: LINUX, platformName: Android, platformVersion: 5.1.1, resetKeyboard: true, takesScreenshot: true, unicodeKeyboard: true, version: 5.1.1, warnings: {}, webStorageEnabled: false}
Session ID: b5df66a5-1dbe-49e1-95c9-565ab7e9e046
*** Element info: {Using=id, value=//*[@resource-id='com.eygsskpoc.ey3po:id/textView_subheader' and @text='Annual Spending']/../../../../following-sibling::*[@resource-id='com.eygsskpoc.ey3po:id/headder_layout']/descendant::*[@resource-id='com.eygsskpoc.ey3po:id/label_legend']}
at org.openqa.selenium.remote.http.W3CHttpResponseCodec.createException(W3CHttpResponseCodec.java:187)
at org.openqa.selenium.remote.http.W3CHttpResponseCodec.decode(W3CHttpResponseCodec.java:122)
at org.openqa.selenium.remote.http.W3CHttpResponseCodec.decode(W3CHttpResponseCodec.java:49)
at org.openqa.selenium.remote.HttpCommandExecutor.execute(HttpCommandExecutor.java:158)
at io.appium.java_client.remote.AppiumCommandExecutor.execute(AppiumCommandExecutor.java:231)
at org.openqa.selenium.remote.RemoteWebDriver.execute(RemoteWebDriver.java:548)
at io.appium.java_client.DefaultGenericMobileDriver.execute(DefaultGenericMobileDriver.java:42)
at io.appium.java_client.AppiumDriver.execute(AppiumDriver.java:1)
at io.appium.java_client.android.AndroidDriver.execute(AndroidDriver.java:1)
at org.openqa.selenium.remote.RemoteWebDriver.findElement(RemoteWebDriver.java:322)
at io.appium.java_client.DefaultGenericMobileDriver.findElement(DefaultGenericMobileDriver.java:62)
at io.appium.java_client.AppiumDriver.findElement(AppiumDriver.java:1)
at io.appium.java_client.android.AndroidDriver.findElement(AndroidDriver.java:1)
at org.openqa.selenium.remote.RemoteWebDriver.findElementById(RemoteWebDriver.java:368)
at io.appium.java_client.DefaultGenericMobileDriver.findElementById(DefaultGenericMobileDriver.java:70)
at io.appium.java_client.AppiumDriver.findElementById(AppiumDriver.java:1)
at io.appium.java_client.android.AndroidDriver.findElementById(AndroidDriver.java:1)
at org.openqa.selenium.By$ById.findElement(By.java:188)
at org.openqa.selenium.remote.RemoteWebDriver.findElement(RemoteWebDriver.java:314)
at io.appium.java_client.DefaultGenericMobileDriver.findElement(DefaultGenericMobileDriver.java:58)
at io.appium.java_client.AppiumDriver.findElement(AppiumDriver.java:1)
at io.appium.java_client.android.AndroidDriver.findElement(AndroidDriver.java:1)
at com.ey.test3po.pages.EmergencyFundAnnualSpendingPage.getPageContent(EmergencyFundAnnualSpendingPage.java:22)
at com.ey.test3po.userjourney.EmergencyUserSignUpJourneyTest.emergencyFundAnnualSpending(EmergencyUserSignUpJourneyTest.java:85)
... Removed 29 stack frames]]>
    </failure>
  </testcase> <!-- emergencyFundAnnualSpending -->
</testsuite> <!-- UserJourneyTest -->
