<?xml version="1.0" encoding="UTF-8"?>
<!-- Generated by org.testng.reporters.JUnitXMLReporter -->
<testsuite hostname="IN2070121W2" ignored="0" name="Command line test" tests="3" failures="1" timestamp="05 Jul 2018 11:25:23 GMT" time="94.1" errors="0">
  <testcase name="getCurrentActityForQuestionnaireTest" time="0.705" classname="com.ey.test3po.testcases.GoalJourneyTest">
    <failure type="java.lang.AssertionError" message="expected [.activity.SplashScreenActivity] but found [.activity.UserInfoGpsActivity]">
      <![CDATA[java.lang.AssertionError: expected [.activity.SplashScreenActivity] but found [.activity.UserInfoGpsActivity]
at com.ey.test3po.testcases.GoalJourneyTest.getCurrentActityForQuestionnaireTest(GoalJourneyTest.java:55)
... Removed 41 stack frames]]>
    </failure>
  </testcase> <!-- getCurrentActityForQuestionnaireTest -->
  <testcase name="isOnHomePage" time="4.816" classname="com.ey.test3po.testcases.HomePageTest"/>
  <testcase name="landingPageLogoTest" time="1.528" classname="com.ey.test3po.testcases.LandingPageTest"/>
</testsuite> <!-- Command line test -->
