<?xml version="1.0" encoding="UTF-8"?>
<!-- Generated by org.testng.reporters.JUnitXMLReporter -->
<testsuite hostname="IN2070121W2" ignored="0" name="Goal Journey" tests="5" failures="0" timestamp="06 Jul 2018 11:45:09 GMT" time="127.719" errors="0">
  <testcase name="getCurrentActityForQuestionnaireTest" time="0.414" classname="com.ey.test3po.testcases.GoalJourneyTest"/>
  <testcase name="fillQuestionnaireTest" time="40.802" classname="com.ey.test3po.testcases.GoalJourneyTest"/>
  <testcase name="selectGoal" time="0.001" classname="com.ey.test3po.testcases.GoalJourneyTest"/>
  <testcase name="goalJourneyTest" time="31.045" classname="com.ey.test3po.testcases.GoalJourneyTest"/>
  <testcase name="riskFactorTest" time="4.062" classname="com.ey.test3po.testcases.GoalJourneyTest"/>
</testsuite> <!-- Goal Journey -->
