<?xml version="1.0" encoding="UTF-8"?>
<testsuite name="TestSuite" time="126.402" tests="14" errors="0" skipped="0" failures="1">
  <properties>
[...]
</properties>
  <testcase name="landingPageLogoTest" classname="com.ey.test3po.testcases.LandingPageTest" time="0.175"/>
  <testcase name="isOnHomePage" classname="com.ey.test3po.testcases.HomePageTest" time="21.042"/>
  <testcase name="welcomeSectionTest" classname="com.ey.test3po.testcases.HomePageTest" time="1.815"/>
  <testcase name="quickStartTest" classname="com.ey.test3po.testcases.HomePageTest" time="0.526"/>
  <testcase name="easyToUnderstandTest" classname="com.ey.test3po.testcases.HomePageTest" time="0.542"/>
  <testcase name="flexibleTest" classname="com.ey.test3po.testcases.HomePageTest" time="0.548"/>
  <testcase name="deliverResultsTest" classname="com.ey.test3po.testcases.HomePageTest" time="0.541"/>
  <testcase name="testimonialArrowTest" classname="com.ey.test3po.testcases.HomePageTest" time="28.899">
    <failure message="expected [&quot;This app helped me over the first hurdle of actually setting up goals for my life. I greatly recommend it to every one.&quot;] but found [&quot;Good App! I use it all the Time for my investment solutions&quot;]" type="java.lang.AssertionError">java.lang.AssertionError: expected ["This app helped me over the first hurdle of actually setting up goals for my life. I greatly recommend it to every one."] but found ["Good App! I use it all the Time for my investment solutions"]
	at org.testng.Assert.fail(Assert.java:96)
	at org.testng.Assert.failNotEquals(Assert.java:776)
	at org.testng.Assert.assertEqualsImpl(Assert.java:137)
	at org.testng.Assert.assertEquals(Assert.java:118)
	at org.testng.Assert.assertEquals(Assert.java:453)
	at org.testng.Assert.assertEquals(Assert.java:463)
	at com.ey.test3po.testcases.HomePageTest.testimonialArrowTest(HomePageTest.java:116)
</failure>
    <system-out><![CDATA[Test Case Started : testimonialArrowTest
Test Case Failed : testimonialArrowTest. Please find the details in the Extent Report
]]></system-out>
  </testcase>
  <testcase name="getStartedButtonClcikTest" classname="com.ey.test3po.testcases.HomePageTest" time="1.462"/>
  <testcase name="getCurrentActityForQuestionnaireTest" classname="com.ey.test3po.testcases.GoalJourneyTest" time="0.446"/>
  <testcase name="fillQuestionnaireTest" classname="com.ey.test3po.testcases.GoalJourneyTest" time="36.961"/>
  <testcase name="selectGoal" classname="com.ey.test3po.testcases.GoalJourneyTest" time="0"/>
  <testcase name="goalJourneyTest" classname="com.ey.test3po.testcases.GoalJourneyTest" time="29.32"/>
  <testcase name="riskFactorTest" classname="com.ey.test3po.testcases.GoalJourneyTest" time="4.125"/>
</testsuite>