<?xml version="1.0" encoding="UTF-8"?>
<testng-results skipped="0" failed="0" ignored="0" total="1" passed="1">
  <reporter-output>
  </reporter-output>
  <suite name="Suite" duration-ms="240688" started-at="2018-09-12T10:39:41Z" finished-at="2018-09-12T10:43:42Z">
    <groups>
    </groups>
    <test name="OtherGoalUserSignUpJourneyLessThan55Test" duration-ms="240688" started-at="2018-09-12T10:39:41Z" finished-at="2018-09-12T10:43:42Z">
      <class name="com.ey.test3po.userjourney.OtherGoalUserSignUpJourneyLessThan55Test">
        <test-method status="PASS" signature="setUp()[pri:0, instance:com.ey.test3po.userjourney.OtherGoalUserSignUpJourneyLessThan55Test@33f88ab]" name="setUp" is-config="true" duration-ms="37963" started-at="2018-09-12T10:39:43Z" finished-at="2018-09-12T10:40:21Z">
          <reporter-output>
          </reporter-output>
        </test-method> <!-- setUp -->
        <test-method status="PASS" signature="otherGoalGoalLessThan55(java.lang.String, java.lang.String, java.lang.String, java.lang.String, java.lang.String, java.lang.String, java.lang.String, java.lang.String, java.lang.String, java.lang.String, java.lang.String, java.lang.String, java.lang.String, java.lang.String, java.lang.String, java.lang.String, java.lang.String, java.lang.String, java.lang.String, java.lang.String, java.lang.String, java.lang.String, java.lang.String, java.lang.String)[pri:1, instance:com.ey.test3po.userjourney.OtherGoalUserSignUpJourneyLessThan55Test@33f88ab]" name="otherGoalGoalLessThan55" duration-ms="195655" started-at="2018-09-12T10:40:21Z" data-provider="getQuestionnaireTestData" finished-at="2018-09-12T10:43:36Z">
          <params>
            <param index="0">
              <value>
                <![CDATA[50000]]>
              </value>
            </param>
            <param index="1">
              <value>
                <![CDATA[33150]]>
              </value>
            </param>
            <param index="2">
              <value>
                <![CDATA[35]]>
              </value>
            </param>
            <param index="3">
              <value>
                <![CDATA[Others 1]]>
              </value>
            </param>
            <param index="4">
              <value>
                <![CDATA[2020]]>
              </value>
            </param>
            <param index="5">
              <value>
                <![CDATA[25000]]>
              </value>
            </param>
            <param index="6">
              <value>
                <![CDATA[1]]>
              </value>
            </param>
            <param index="7">
              <value>
                <![CDATA[It's extremely important that I achieve this goal]]>
              </value>
            </param>
            <param index="8">
              <value>
                <![CDATA[400]]>
              </value>
            </param>
            <param index="9">
              <value>
                <![CDATA[15000]]>
              </value>
            </param>
            <param index="10">
              <value>
                <![CDATA[1]]>
              </value>
            </param>
            <param index="11">
              <value>
                <![CDATA[Test]]>
              </value>
            </param>
            <param index="12">
              <value>
                <![CDATA[test@test.com]]>
              </value>
            </param>
            <param index="13">
              <value>
                <![CDATA[abc]]>
              </value>
            </param>
            <param index="14">
              <value>
                <![CDATA[abc]]>
              </value>
            </param>
            <param index="15">
              <value>
                <![CDATA[1071]]>
              </value>
            </param>
            <param index="16">
              <value>
                <![CDATA[9340]]>
              </value>
            </param>
            <param index="17">
              <value>
                <![CDATA[16519]]>
              </value>
            </param>
            <param index="18">
              <value>
                <![CDATA[23561]]>
              </value>
            </param>
            <param index="19">
              <value>
                <![CDATA[27936]]>
              </value>
            </param>
            <param index="20">
              <value>
                <![CDATA[1]]>
              </value>
            </param>
            <param index="21">
              <value>
                <![CDATA[]]>
              </value>
            </param>
            <param index="22">
              <value>
                <![CDATA[TC_01]]>
              </value>
            </param>
            <param index="23">
              <value>
                <![CDATA[Y]]>
              </value>
            </param>
          </params>
          <reporter-output>
          </reporter-output>
        </test-method> <!-- otherGoalGoalLessThan55 -->
        <test-method status="PASS" signature="tearDown()[pri:0, instance:com.ey.test3po.userjourney.OtherGoalUserSignUpJourneyLessThan55Test@33f88ab]" name="tearDown" is-config="true" duration-ms="5680" started-at="2018-09-12T10:43:36Z" finished-at="2018-09-12T10:43:42Z">
          <reporter-output>
          </reporter-output>
        </test-method> <!-- tearDown -->
      </class> <!-- com.ey.test3po.userjourney.OtherGoalUserSignUpJourneyLessThan55Test -->
    </test> <!-- OtherGoalUserSignUpJourneyLessThan55Test -->
  </suite> <!-- Suite -->
</testng-results>
