<?xml version="1.0" encoding="UTF-8"?>
<testng-results skipped="2" failed="3" ignored="0" total="11" passed="6">
  <reporter-output>
    <line>
      <![CDATA[<img src="file://C:\Back Up\Project Work\Learning Stuffs\Eclipse Oxygen\3PO\screenshots\TC_12_educationGoalMoreThan55_failed_2018.Aug.23.21.45.53.png" alt=""/>]]>
    </line>
    <line>
      <![CDATA[<img src="file://C:\Back Up\Project Work\Learning Stuffs\Eclipse Oxygen\3PO\screenshots\TC_15_educationGoalMoreThan55_failed_2018.Aug.23.21.49.39.png" alt=""/>]]>
    </line>
    <line>
      <![CDATA[<img src="file://C:\Back Up\Project Work\Learning Stuffs\Eclipse Oxygen\3PO\screenshots\TC_15_educationGoalMoreThan55_failed_2018.Aug.23.21.54.12.png" alt=""/>]]>
    </line>
  </reporter-output>
  <suite name="Suite" duration-ms="2852862" started-at="2018-08-23T15:36:45Z" finished-at="2018-08-23T16:24:18Z">
    <groups>
    </groups>
    <test name="EducationGoalUserSignUpJourneyMoreThan55Test" duration-ms="2852862" started-at="2018-08-23T15:36:45Z" finished-at="2018-08-23T16:24:18Z">
      <class name="com.ey.test3po.userjourney.EducationGoalUserSignUpJourneyMoreThan55Test">
        <test-method status="PASS" signature="setUp()[pri:0, instance:com.ey.test3po.userjourney.EducationGoalUserSignUpJourneyMoreThan55Test@33f88ab]" name="setUp" is-config="true" duration-ms="36578" started-at="2018-08-23T15:36:46Z" finished-at="2018-08-23T15:37:22Z">
          <reporter-output>
          </reporter-output>
        </test-method> <!-- setUp -->
        <test-method status="PASS" signature="educationGoalMoreThan55(java.lang.String, java.lang.String, java.lang.String, java.lang.String, java.lang.String, java.lang.String, java.lang.String, java.lang.String, java.lang.String, java.lang.String, java.lang.String, java.lang.String, java.lang.String, java.lang.String, java.lang.String, java.lang.String, java.lang.String, java.lang.String, java.lang.String, java.lang.String, java.lang.String)[pri:1, instance:com.ey.test3po.userjourney.EducationGoalUserSignUpJourneyMoreThan55Test@33f88ab]" name="educationGoalMoreThan55" duration-ms="202419" started-at="2018-08-23T15:37:22Z" data-provider="getQuestionnaireTestData" finished-at="2018-08-23T15:40:45Z">
          <params>
            <param index="0">
              <value>
                <![CDATA[1000]]>
              </value>
            </param>
            <param index="1">
              <value>
                <![CDATA[33150]]>
              </value>
            </param>
            <param index="2">
              <value>
                <![CDATA[58]]>
              </value>
            </param>
            <param index="3">
              <value>
                <![CDATA[Education 5]]>
              </value>
            </param>
            <param index="4">
              <value>
                <![CDATA[2020]]>
              </value>
            </param>
            <param index="5">
              <value>
                <![CDATA[Test5]]>
              </value>
            </param>
            <param index="6">
              <value>
                <![CDATA[45556]]>
              </value>
            </param>
            <param index="7">
              <value>
                <![CDATA[1]]>
              </value>
            </param>
            <param index="8">
              <value>
                <![CDATA[It's extremely important that I achieve this goal]]>
              </value>
            </param>
            <param index="9">
              <value>
                <![CDATA[0]]>
              </value>
            </param>
            <param index="10">
              <value>
                <![CDATA[0]]>
              </value>
            </param>
            <param index="11">
              <value>
                <![CDATA[Test]]>
              </value>
            </param>
            <param index="12">
              <value>
                <![CDATA[test@test.com]]>
              </value>
            </param>
            <param index="13">
              <value>
                <![CDATA[123.0]]>
              </value>
            </param>
            <param index="14">
              <value>
                <![CDATA[123.0]]>
              </value>
            </param>
            <param index="15">
              <value>
                <![CDATA[47963]]>
              </value>
            </param>
            <param index="16">
              <value>
                <![CDATA[]]>
              </value>
            </param>
            <param index="17">
              <value>
                <![CDATA[1949]]>
              </value>
            </param>
            <param index="18">
              <value>
                <![CDATA[]]>
              </value>
            </param>
            <param index="19">
              <value>
                <![CDATA[]]>
              </value>
            </param>
            <param index="20">
              <value>
                <![CDATA[Zero_1]]>
              </value>
            </param>
          </params>
          <reporter-output>
          </reporter-output>
        </test-method> <!-- educationGoalMoreThan55 -->
        <test-method status="PASS" signature="tearDown()[pri:0, instance:com.ey.test3po.userjourney.EducationGoalUserSignUpJourneyMoreThan55Test@33f88ab]" name="tearDown" is-config="true" duration-ms="4848" started-at="2018-08-23T15:40:45Z" finished-at="2018-08-23T15:40:50Z">
          <reporter-output>
          </reporter-output>
        </test-method> <!-- tearDown -->
        <test-method status="PASS" signature="setUp()[pri:0, instance:com.ey.test3po.userjourney.EducationGoalUserSignUpJourneyMoreThan55Test@33f88ab]" name="setUp" is-config="true" duration-ms="33636" started-at="2018-08-23T15:40:50Z" finished-at="2018-08-23T15:41:23Z">
          <reporter-output>
          </reporter-output>
        </test-method> <!-- setUp -->
        <test-method status="PASS" signature="educationGoalMoreThan55(java.lang.String, java.lang.String, java.lang.String, java.lang.String, java.lang.String, java.lang.String, java.lang.String, java.lang.String, java.lang.String, java.lang.String, java.lang.String, java.lang.String, java.lang.String, java.lang.String, java.lang.String, java.lang.String, java.lang.String, java.lang.String, java.lang.String, java.lang.String, java.lang.String)[pri:1, instance:com.ey.test3po.userjourney.EducationGoalUserSignUpJourneyMoreThan55Test@33f88ab]" name="educationGoalMoreThan55" duration-ms="192186" started-at="2018-08-23T15:41:23Z" data-provider="getQuestionnaireTestData" finished-at="2018-08-23T15:44:36Z">
          <params>
            <param index="0">
              <value>
                <![CDATA[1000]]>
              </value>
            </param>
            <param index="1">
              <value>
                <![CDATA[33150]]>
              </value>
            </param>
            <param index="2">
              <value>
                <![CDATA[58]]>
              </value>
            </param>
            <param index="3">
              <value>
                <![CDATA[Education 5]]>
              </value>
            </param>
            <param index="4">
              <value>
                <![CDATA[2020]]>
              </value>
            </param>
            <param index="5">
              <value>
                <![CDATA[Test5]]>
              </value>
            </param>
            <param index="6">
              <value>
                <![CDATA[45556]]>
              </value>
            </param>
            <param index="7">
              <value>
                <![CDATA[1]]>
              </value>
            </param>
            <param index="8">
              <value>
                <![CDATA[It's extremely important that I achieve this goal]]>
              </value>
            </param>
            <param index="9">
              <value>
                <![CDATA[0]]>
              </value>
            </param>
            <param index="10">
              <value>
                <![CDATA[200]]>
              </value>
            </param>
            <param index="11">
              <value>
                <![CDATA[Test]]>
              </value>
            </param>
            <param index="12">
              <value>
                <![CDATA[test@test.com]]>
              </value>
            </param>
            <param index="13">
              <value>
                <![CDATA[123.0]]>
              </value>
            </param>
            <param index="14">
              <value>
                <![CDATA[123.0]]>
              </value>
            </param>
            <param index="15">
              <value>
                <![CDATA[47963]]>
              </value>
            </param>
            <param index="16">
              <value>
                <![CDATA[]]>
              </value>
            </param>
            <param index="17">
              <value>
                <![CDATA[1949]]>
              </value>
            </param>
            <param index="18">
              <value>
                <![CDATA[4676]]>
              </value>
            </param>
            <param index="19">
              <value>
                <![CDATA[]]>
              </value>
            </param>
            <param index="20">
              <value>
                <![CDATA[Zero_2]]>
              </value>
            </param>
          </params>
          <reporter-output>
          </reporter-output>
        </test-method> <!-- educationGoalMoreThan55 -->
        <test-method status="PASS" signature="tearDown()[pri:0, instance:com.ey.test3po.userjourney.EducationGoalUserSignUpJourneyMoreThan55Test@33f88ab]" name="tearDown" is-config="true" duration-ms="4693" started-at="2018-08-23T15:44:36Z" finished-at="2018-08-23T15:44:40Z">
          <reporter-output>
          </reporter-output>
        </test-method> <!-- tearDown -->
        <test-method status="PASS" signature="setUp()[pri:0, instance:com.ey.test3po.userjourney.EducationGoalUserSignUpJourneyMoreThan55Test@33f88ab]" name="setUp" is-config="true" duration-ms="33070" started-at="2018-08-23T15:44:40Z" finished-at="2018-08-23T15:45:13Z">
          <reporter-output>
          </reporter-output>
        </test-method> <!-- setUp -->
        <test-method status="PASS" signature="educationGoalMoreThan55(java.lang.String, java.lang.String, java.lang.String, java.lang.String, java.lang.String, java.lang.String, java.lang.String, java.lang.String, java.lang.String, java.lang.String, java.lang.String, java.lang.String, java.lang.String, java.lang.String, java.lang.String, java.lang.String, java.lang.String, java.lang.String, java.lang.String, java.lang.String, java.lang.String)[pri:1, instance:com.ey.test3po.userjourney.EducationGoalUserSignUpJourneyMoreThan55Test@33f88ab]" name="educationGoalMoreThan55" duration-ms="208176" started-at="2018-08-23T15:45:13Z" data-provider="getQuestionnaireTestData" finished-at="2018-08-23T15:48:42Z">
          <params>
            <param index="0">
              <value>
                <![CDATA[1000]]>
              </value>
            </param>
            <param index="1">
              <value>
                <![CDATA[33150]]>
              </value>
            </param>
            <param index="2">
              <value>
                <![CDATA[58]]>
              </value>
            </param>
            <param index="3">
              <value>
                <![CDATA[Education 5]]>
              </value>
            </param>
            <param index="4">
              <value>
                <![CDATA[2020]]>
              </value>
            </param>
            <param index="5">
              <value>
                <![CDATA[Test5]]>
              </value>
            </param>
            <param index="6">
              <value>
                <![CDATA[45556]]>
              </value>
            </param>
            <param index="7">
              <value>
                <![CDATA[1]]>
              </value>
            </param>
            <param index="8">
              <value>
                <![CDATA[It's extremely important that I achieve this goal]]>
              </value>
            </param>
            <param index="9">
              <value>
                <![CDATA[300]]>
              </value>
            </param>
            <param index="10">
              <value>
                <![CDATA[0]]>
              </value>
            </param>
            <param index="11">
              <value>
                <![CDATA[Test]]>
              </value>
            </param>
            <param index="12">
              <value>
                <![CDATA[test@test.com]]>
              </value>
            </param>
            <param index="13">
              <value>
                <![CDATA[123.0]]>
              </value>
            </param>
            <param index="14">
              <value>
                <![CDATA[123.0]]>
              </value>
            </param>
            <param index="15">
              <value>
                <![CDATA[47963]]>
              </value>
            </param>
            <param index="16">
              <value>
                <![CDATA[285]]>
              </value>
            </param>
            <param index="17">
              <value>
                <![CDATA[1937]]>
              </value>
            </param>
            <param index="18">
              <value>
                <![CDATA[285]]>
              </value>
            </param>
            <param index="19">
              <value>
                <![CDATA[]]>
              </value>
            </param>
            <param index="20">
              <value>
                <![CDATA[Zero_3]]>
              </value>
            </param>
          </params>
          <reporter-output>
          </reporter-output>
        </test-method> <!-- educationGoalMoreThan55 -->
        <test-method status="PASS" signature="tearDown()[pri:0, instance:com.ey.test3po.userjourney.EducationGoalUserSignUpJourneyMoreThan55Test@33f88ab]" name="tearDown" is-config="true" duration-ms="4705" started-at="2018-08-23T15:48:42Z" finished-at="2018-08-23T15:48:46Z">
          <reporter-output>
          </reporter-output>
        </test-method> <!-- tearDown -->
        <test-method status="PASS" signature="setUp()[pri:0, instance:com.ey.test3po.userjourney.EducationGoalUserSignUpJourneyMoreThan55Test@33f88ab]" name="setUp" is-config="true" duration-ms="33875" started-at="2018-08-23T15:48:46Z" finished-at="2018-08-23T15:49:20Z">
          <reporter-output>
          </reporter-output>
        </test-method> <!-- setUp -->
        <test-method status="PASS" signature="educationGoalMoreThan55(java.lang.String, java.lang.String, java.lang.String, java.lang.String, java.lang.String, java.lang.String, java.lang.String, java.lang.String, java.lang.String, java.lang.String, java.lang.String, java.lang.String, java.lang.String, java.lang.String, java.lang.String, java.lang.String, java.lang.String, java.lang.String, java.lang.String, java.lang.String, java.lang.String)[pri:1, instance:com.ey.test3po.userjourney.EducationGoalUserSignUpJourneyMoreThan55Test@33f88ab]" name="educationGoalMoreThan55" duration-ms="260468" started-at="2018-08-23T15:49:20Z" data-provider="getQuestionnaireTestData" finished-at="2018-08-23T15:53:41Z">
          <params>
            <param index="0">
              <value>
                <![CDATA[1000000]]>
              </value>
            </param>
            <param index="1">
              <value>
                <![CDATA[33150]]>
              </value>
            </param>
            <param index="2">
              <value>
                <![CDATA[60]]>
              </value>
            </param>
            <param index="3">
              <value>
                <![CDATA[Education 4]]>
              </value>
            </param>
            <param index="4">
              <value>
                <![CDATA[2019]]>
              </value>
            </param>
            <param index="5">
              <value>
                <![CDATA[Test3]]>
              </value>
            </param>
            <param index="6">
              <value>
                <![CDATA[62858]]>
              </value>
            </param>
            <param index="7">
              <value>
                <![CDATA[5]]>
              </value>
            </param>
            <param index="8">
              <value>
                <![CDATA[It's extremely important that I achieve this goal]]>
              </value>
            </param>
            <param index="9">
              <value>
                <![CDATA[25000]]>
              </value>
            </param>
            <param index="10">
              <value>
                <![CDATA[10000]]>
              </value>
            </param>
            <param index="11">
              <value>
                <![CDATA[Test]]>
              </value>
            </param>
            <param index="12">
              <value>
                <![CDATA[test@test.com]]>
              </value>
            </param>
            <param index="13">
              <value>
                <![CDATA[123.0]]>
              </value>
            </param>
            <param index="14">
              <value>
                <![CDATA[123.0]]>
              </value>
            </param>
            <param index="15">
              <value>
                <![CDATA[336687]]>
              </value>
            </param>
            <param index="16">
              <value>
                <![CDATA[4668]]>
              </value>
            </param>
            <param index="17">
              <value>
                <![CDATA[25135]]>
              </value>
            </param>
            <param index="18">
              <value>
                <![CDATA[27820]]>
              </value>
            </param>
            <param index="19">
              <value>
                <![CDATA[]]>
              </value>
            </param>
            <param index="20">
              <value>
                <![CDATA[TC_01_16]]>
              </value>
            </param>
          </params>
          <reporter-output>
          </reporter-output>
        </test-method> <!-- educationGoalMoreThan55 -->
        <test-method status="PASS" signature="tearDown()[pri:0, instance:com.ey.test3po.userjourney.EducationGoalUserSignUpJourneyMoreThan55Test@33f88ab]" name="tearDown" is-config="true" duration-ms="5050" started-at="2018-08-23T15:53:41Z" finished-at="2018-08-23T15:53:46Z">
          <reporter-output>
          </reporter-output>
        </test-method> <!-- tearDown -->
        <test-method status="PASS" signature="setUp()[pri:0, instance:com.ey.test3po.userjourney.EducationGoalUserSignUpJourneyMoreThan55Test@33f88ab]" name="setUp" is-config="true" duration-ms="34131" started-at="2018-08-23T15:53:46Z" finished-at="2018-08-23T15:54:20Z">
          <reporter-output>
          </reporter-output>
        </test-method> <!-- setUp -->
        <test-method status="PASS" signature="educationGoalMoreThan55(java.lang.String, java.lang.String, java.lang.String, java.lang.String, java.lang.String, java.lang.String, java.lang.String, java.lang.String, java.lang.String, java.lang.String, java.lang.String, java.lang.String, java.lang.String, java.lang.String, java.lang.String, java.lang.String, java.lang.String, java.lang.String, java.lang.String, java.lang.String, java.lang.String)[pri:1, instance:com.ey.test3po.userjourney.EducationGoalUserSignUpJourneyMoreThan55Test@33f88ab]" name="educationGoalMoreThan55" duration-ms="253765" started-at="2018-08-23T15:54:20Z" data-provider="getQuestionnaireTestData" finished-at="2018-08-23T15:58:34Z">
          <params>
            <param index="0">
              <value>
                <![CDATA[1000000]]>
              </value>
            </param>
            <param index="1">
              <value>
                <![CDATA[33150]]>
              </value>
            </param>
            <param index="2">
              <value>
                <![CDATA[60]]>
              </value>
            </param>
            <param index="3">
              <value>
                <![CDATA[Education 4]]>
              </value>
            </param>
            <param index="4">
              <value>
                <![CDATA[2019]]>
              </value>
            </param>
            <param index="5">
              <value>
                <![CDATA[Test3]]>
              </value>
            </param>
            <param index="6">
              <value>
                <![CDATA[62858]]>
              </value>
            </param>
            <param index="7">
              <value>
                <![CDATA[5]]>
              </value>
            </param>
            <param index="8">
              <value>
                <![CDATA[It's important but not critical I achieve this goal]]>
              </value>
            </param>
            <param index="9">
              <value>
                <![CDATA[25000]]>
              </value>
            </param>
            <param index="10">
              <value>
                <![CDATA[24191]]>
              </value>
            </param>
            <param index="11">
              <value>
                <![CDATA[Test]]>
              </value>
            </param>
            <param index="12">
              <value>
                <![CDATA[test@test.com]]>
              </value>
            </param>
            <param index="13">
              <value>
                <![CDATA[123.0]]>
              </value>
            </param>
            <param index="14">
              <value>
                <![CDATA[123.0]]>
              </value>
            </param>
            <param index="15">
              <value>
                <![CDATA[311934]]>
              </value>
            </param>
            <param index="16">
              <value>
                <![CDATA[5038]]>
              </value>
            </param>
            <param index="17">
              <value>
                <![CDATA[24091]]>
              </value>
            </param>
            <param index="18">
              <value>
                <![CDATA[63099]]>
              </value>
            </param>
            <param index="19">
              <value>
                <![CDATA[]]>
              </value>
            </param>
            <param index="20">
              <value>
                <![CDATA[TC_05]]>
              </value>
            </param>
          </params>
          <reporter-output>
          </reporter-output>
        </test-method> <!-- educationGoalMoreThan55 -->
        <test-method status="PASS" signature="tearDown()[pri:0, instance:com.ey.test3po.userjourney.EducationGoalUserSignUpJourneyMoreThan55Test@33f88ab]" name="tearDown" is-config="true" duration-ms="4699" started-at="2018-08-23T15:58:34Z" finished-at="2018-08-23T15:58:38Z">
          <reporter-output>
          </reporter-output>
        </test-method> <!-- tearDown -->
        <test-method status="PASS" signature="setUp()[pri:0, instance:com.ey.test3po.userjourney.EducationGoalUserSignUpJourneyMoreThan55Test@33f88ab]" name="setUp" is-config="true" duration-ms="32129" started-at="2018-08-23T15:58:38Z" finished-at="2018-08-23T15:59:10Z">
          <reporter-output>
          </reporter-output>
        </test-method> <!-- setUp -->
        <test-method status="PASS" signature="educationGoalMoreThan55(java.lang.String, java.lang.String, java.lang.String, java.lang.String, java.lang.String, java.lang.String, java.lang.String, java.lang.String, java.lang.String, java.lang.String, java.lang.String, java.lang.String, java.lang.String, java.lang.String, java.lang.String, java.lang.String, java.lang.String, java.lang.String, java.lang.String, java.lang.String, java.lang.String)[pri:1, instance:com.ey.test3po.userjourney.EducationGoalUserSignUpJourneyMoreThan55Test@33f88ab]" name="educationGoalMoreThan55" duration-ms="224785" started-at="2018-08-23T15:59:10Z" data-provider="getQuestionnaireTestData" finished-at="2018-08-23T16:02:55Z">
          <params>
            <param index="0">
              <value>
                <![CDATA[1000000]]>
              </value>
            </param>
            <param index="1">
              <value>
                <![CDATA[33150]]>
              </value>
            </param>
            <param index="2">
              <value>
                <![CDATA[60]]>
              </value>
            </param>
            <param index="3">
              <value>
                <![CDATA[Education 4]]>
              </value>
            </param>
            <param index="4">
              <value>
                <![CDATA[2019]]>
              </value>
            </param>
            <param index="5">
              <value>
                <![CDATA[Test3]]>
              </value>
            </param>
            <param index="6">
              <value>
                <![CDATA[62858]]>
              </value>
            </param>
            <param index="7">
              <value>
                <![CDATA[5]]>
              </value>
            </param>
            <param index="8">
              <value>
                <![CDATA[It's not important that I achieve this goal]]>
              </value>
            </param>
            <param index="9">
              <value>
                <![CDATA[25000]]>
              </value>
            </param>
            <param index="10">
              <value>
                <![CDATA[23120]]>
              </value>
            </param>
            <param index="11">
              <value>
                <![CDATA[Test]]>
              </value>
            </param>
            <param index="12">
              <value>
                <![CDATA[test@test.com]]>
              </value>
            </param>
            <param index="13">
              <value>
                <![CDATA[123.0]]>
              </value>
            </param>
            <param index="14">
              <value>
                <![CDATA[123.0]]>
              </value>
            </param>
            <param index="15">
              <value>
                <![CDATA[293252]]>
              </value>
            </param>
            <param index="16">
              <value>
                <![CDATA[5359]]>
              </value>
            </param>
            <param index="17">
              <value>
                <![CDATA[23120]]>
              </value>
            </param>
            <param index="18">
              <value>
                <![CDATA[62861]]>
              </value>
            </param>
            <param index="19">
              <value>
                <![CDATA[]]>
              </value>
            </param>
            <param index="20">
              <value>
                <![CDATA[TC_09]]>
              </value>
            </param>
          </params>
          <reporter-output>
          </reporter-output>
        </test-method> <!-- educationGoalMoreThan55 -->
        <test-method status="PASS" signature="tearDown()[pri:0, instance:com.ey.test3po.userjourney.EducationGoalUserSignUpJourneyMoreThan55Test@33f88ab]" name="tearDown" is-config="true" duration-ms="4696" started-at="2018-08-23T16:02:55Z" finished-at="2018-08-23T16:03:00Z">
          <reporter-output>
          </reporter-output>
        </test-method> <!-- tearDown -->
        <test-method status="PASS" signature="setUp()[pri:0, instance:com.ey.test3po.userjourney.EducationGoalUserSignUpJourneyMoreThan55Test@33f88ab]" name="setUp" is-config="true" duration-ms="32328" started-at="2018-08-23T16:03:00Z" finished-at="2018-08-23T16:03:32Z">
          <reporter-output>
          </reporter-output>
        </test-method> <!-- setUp -->
        <test-method status="SKIP" signature="educationGoalMoreThan55(java.lang.String, java.lang.String, java.lang.String, java.lang.String, java.lang.String, java.lang.String, java.lang.String, java.lang.String, java.lang.String, java.lang.String, java.lang.String, java.lang.String, java.lang.String, java.lang.String, java.lang.String, java.lang.String, java.lang.String, java.lang.String, java.lang.String, java.lang.String, java.lang.String)[pri:1, instance:com.ey.test3po.userjourney.EducationGoalUserSignUpJourneyMoreThan55Test@33f88ab]" name="educationGoalMoreThan55" duration-ms="210289" started-at="2018-08-23T16:03:32Z" data-provider="getQuestionnaireTestData" finished-at="2018-08-23T16:07:02Z">
          <params>
            <param index="0">
              <value>
                <![CDATA[1000000]]>
              </value>
            </param>
            <param index="1">
              <value>
                <![CDATA[33150]]>
              </value>
            </param>
            <param index="2">
              <value>
                <![CDATA[60]]>
              </value>
            </param>
            <param index="3">
              <value>
                <![CDATA[Education 4]]>
              </value>
            </param>
            <param index="4">
              <value>
                <![CDATA[2019]]>
              </value>
            </param>
            <param index="5">
              <value>
                <![CDATA[Test3]]>
              </value>
            </param>
            <param index="6">
              <value>
                <![CDATA[62858]]>
              </value>
            </param>
            <param index="7">
              <value>
                <![CDATA[5]]>
              </value>
            </param>
            <param index="8">
              <value>
                <![CDATA[It's not important that I achieve this goal]]>
              </value>
            </param>
            <param index="9">
              <value>
                <![CDATA[293252]]>
              </value>
            </param>
            <param index="10">
              <value>
                <![CDATA[]]>
              </value>
            </param>
            <param index="11">
              <value>
                <![CDATA[Test]]>
              </value>
            </param>
            <param index="12">
              <value>
                <![CDATA[test@test.com]]>
              </value>
            </param>
            <param index="13">
              <value>
                <![CDATA[123.0]]>
              </value>
            </param>
            <param index="14">
              <value>
                <![CDATA[123.0]]>
              </value>
            </param>
            <param index="15">
              <value>
                <![CDATA[293252]]>
              </value>
            </param>
            <param index="16">
              <value>
                <![CDATA[62859]]>
              </value>
            </param>
            <param index="17">
              <value>
                <![CDATA[]]>
              </value>
            </param>
            <param index="18">
              <value>
                <![CDATA[62859]]>
              </value>
            </param>
            <param index="19">
              <value>
                <![CDATA[]]>
              </value>
            </param>
            <param index="20">
              <value>
                <![CDATA[TC_12]]>
              </value>
            </param>
          </params>
          <exception class="java.lang.NumberFormatException">
            <message>
              <![CDATA[empty String]]>
            </message>
            <full-stacktrace>
              <![CDATA[java.lang.NumberFormatException: empty String
at sun.misc.FloatingDecimal.readJavaFormatString(FloatingDecimal.java:1842)
at sun.misc.FloatingDecimal.parseDouble(FloatingDecimal.java:110)
at java.lang.Double.parseDouble(Double.java:538)
at com.ey.test3po.userjourney.EducationGoalUserSignUpJourneyMoreThan55Test.educationGoalMoreThan55(EducationGoalUserSignUpJourneyMoreThan55Test.java:252)
at sun.reflect.NativeMethodAccessorImpl.invoke0(Native Method)
at sun.reflect.NativeMethodAccessorImpl.invoke(NativeMethodAccessorImpl.java:62)
at sun.reflect.DelegatingMethodAccessorImpl.invoke(DelegatingMethodAccessorImpl.java:43)
at java.lang.reflect.Method.invoke(Method.java:498)
at org.testng.internal.MethodInvocationHelper.invokeMethod(MethodInvocationHelper.java:124)
at org.testng.internal.Invoker.invokeMethod(Invoker.java:580)
at org.testng.internal.Invoker.invokeTestMethod(Invoker.java:716)
at org.testng.internal.Invoker.invokeTestMethods(Invoker.java:988)
at org.testng.internal.TestMethodWorker.invokeTestMethods(TestMethodWorker.java:125)
at org.testng.internal.TestMethodWorker.run(TestMethodWorker.java:109)
at org.testng.TestRunner.privateRun(TestRunner.java:648)
at org.testng.TestRunner.run(TestRunner.java:505)
at org.testng.SuiteRunner.runTest(SuiteRunner.java:455)
at org.testng.SuiteRunner.runSequentially(SuiteRunner.java:450)
at org.testng.SuiteRunner.privateRun(SuiteRunner.java:415)
at org.testng.SuiteRunner.run(SuiteRunner.java:364)
at org.testng.SuiteRunnerWorker.runSuite(SuiteRunnerWorker.java:52)
at org.testng.SuiteRunnerWorker.run(SuiteRunnerWorker.java:84)
at org.testng.TestNG.runSuitesSequentially(TestNG.java:1208)
at org.testng.TestNG.runSuitesLocally(TestNG.java:1137)
at org.testng.TestNG.runSuites(TestNG.java:1049)
at org.testng.TestNG.run(TestNG.java:1017)
at org.testng.remote.AbstractRemoteTestNG.run(AbstractRemoteTestNG.java:114)
at org.testng.remote.RemoteTestNG.initAndRun(RemoteTestNG.java:251)
at org.testng.remote.RemoteTestNG.main(RemoteTestNG.java:77)
]]>
            </full-stacktrace>
          </exception> <!-- java.lang.NumberFormatException -->
          <reporter-output>
          </reporter-output>
        </test-method> <!-- educationGoalMoreThan55 -->
        <test-method status="PASS" signature="tearDown()[pri:0, instance:com.ey.test3po.userjourney.EducationGoalUserSignUpJourneyMoreThan55Test@33f88ab]" name="tearDown" is-config="true" duration-ms="4935" started-at="2018-08-23T16:07:05Z" finished-at="2018-08-23T16:07:10Z">
          <reporter-output>
          </reporter-output>
        </test-method> <!-- tearDown -->
        <test-method status="PASS" signature="setUp()[pri:0, instance:com.ey.test3po.userjourney.EducationGoalUserSignUpJourneyMoreThan55Test@33f88ab]" name="setUp" is-config="true" duration-ms="32431" started-at="2018-08-23T16:07:10Z" finished-at="2018-08-23T16:07:42Z">
          <reporter-output>
          </reporter-output>
        </test-method> <!-- setUp -->
        <test-method status="SKIP" signature="educationGoalMoreThan55(java.lang.String, java.lang.String, java.lang.String, java.lang.String, java.lang.String, java.lang.String, java.lang.String, java.lang.String, java.lang.String, java.lang.String, java.lang.String, java.lang.String, java.lang.String, java.lang.String, java.lang.String, java.lang.String, java.lang.String, java.lang.String, java.lang.String, java.lang.String, java.lang.String)[pri:1, instance:com.ey.test3po.userjourney.EducationGoalUserSignUpJourneyMoreThan55Test@33f88ab]" name="educationGoalMoreThan55" duration-ms="186320" started-at="2018-08-23T16:07:42Z" data-provider="getQuestionnaireTestData" finished-at="2018-08-23T16:10:49Z">
          <params>
            <param index="0">
              <value>
                <![CDATA[1000000]]>
              </value>
            </param>
            <param index="1">
              <value>
                <![CDATA[33150]]>
              </value>
            </param>
            <param index="2">
              <value>
                <![CDATA[60]]>
              </value>
            </param>
            <param index="3">
              <value>
                <![CDATA[Education 4]]>
              </value>
            </param>
            <param index="4">
              <value>
                <![CDATA[2019]]>
              </value>
            </param>
            <param index="5">
              <value>
                <![CDATA[Test3]]>
              </value>
            </param>
            <param index="6">
              <value>
                <![CDATA[62858]]>
              </value>
            </param>
            <param index="7">
              <value>
                <![CDATA[5]]>
              </value>
            </param>
            <param index="8">
              <value>
                <![CDATA[It's not important that I achieve this goal]]>
              </value>
            </param>
            <param index="9">
              <value>
                <![CDATA[293252]]>
              </value>
            </param>
            <param index="10">
              <value>
                <![CDATA[]]>
              </value>
            </param>
            <param index="11">
              <value>
                <![CDATA[Test]]>
              </value>
            </param>
            <param index="12">
              <value>
                <![CDATA[test@test.com]]>
              </value>
            </param>
            <param index="13">
              <value>
                <![CDATA[123.0]]>
              </value>
            </param>
            <param index="14">
              <value>
                <![CDATA[123.0]]>
              </value>
            </param>
            <param index="15">
              <value>
                <![CDATA[293252]]>
              </value>
            </param>
            <param index="16">
              <value>
                <![CDATA[62859]]>
              </value>
            </param>
            <param index="17">
              <value>
                <![CDATA[]]>
              </value>
            </param>
            <param index="18">
              <value>
                <![CDATA[62859]]>
              </value>
            </param>
            <param index="19">
              <value>
                <![CDATA[]]>
              </value>
            </param>
            <param index="20">
              <value>
                <![CDATA[TC_12]]>
              </value>
            </param>
          </params>
          <exception class="java.lang.NumberFormatException">
            <message>
              <![CDATA[empty String]]>
            </message>
            <full-stacktrace>
              <![CDATA[java.lang.NumberFormatException: empty String
at sun.misc.FloatingDecimal.readJavaFormatString(FloatingDecimal.java:1842)
at sun.misc.FloatingDecimal.parseDouble(FloatingDecimal.java:110)
at java.lang.Double.parseDouble(Double.java:538)
at com.ey.test3po.userjourney.EducationGoalUserSignUpJourneyMoreThan55Test.educationGoalMoreThan55(EducationGoalUserSignUpJourneyMoreThan55Test.java:252)
at sun.reflect.NativeMethodAccessorImpl.invoke0(Native Method)
at sun.reflect.NativeMethodAccessorImpl.invoke(NativeMethodAccessorImpl.java:62)
at sun.reflect.DelegatingMethodAccessorImpl.invoke(DelegatingMethodAccessorImpl.java:43)
at java.lang.reflect.Method.invoke(Method.java:498)
at org.testng.internal.MethodInvocationHelper.invokeMethod(MethodInvocationHelper.java:124)
at org.testng.internal.Invoker.invokeMethod(Invoker.java:580)
at org.testng.internal.Invoker.retryFailed(Invoker.java:838)
at org.testng.internal.Invoker.invokeTestMethods(Invoker.java:1009)
at org.testng.internal.TestMethodWorker.invokeTestMethods(TestMethodWorker.java:125)
at org.testng.internal.TestMethodWorker.run(TestMethodWorker.java:109)
at org.testng.TestRunner.privateRun(TestRunner.java:648)
at org.testng.TestRunner.run(TestRunner.java:505)
at org.testng.SuiteRunner.runTest(SuiteRunner.java:455)
at org.testng.SuiteRunner.runSequentially(SuiteRunner.java:450)
at org.testng.SuiteRunner.privateRun(SuiteRunner.java:415)
at org.testng.SuiteRunner.run(SuiteRunner.java:364)
at org.testng.SuiteRunnerWorker.runSuite(SuiteRunnerWorker.java:52)
at org.testng.SuiteRunnerWorker.run(SuiteRunnerWorker.java:84)
at org.testng.TestNG.runSuitesSequentially(TestNG.java:1208)
at org.testng.TestNG.runSuitesLocally(TestNG.java:1137)
at org.testng.TestNG.runSuites(TestNG.java:1049)
at org.testng.TestNG.run(TestNG.java:1017)
at org.testng.remote.AbstractRemoteTestNG.run(AbstractRemoteTestNG.java:114)
at org.testng.remote.RemoteTestNG.initAndRun(RemoteTestNG.java:251)
at org.testng.remote.RemoteTestNG.main(RemoteTestNG.java:77)
]]>
            </full-stacktrace>
          </exception> <!-- java.lang.NumberFormatException -->
          <reporter-output>
          </reporter-output>
        </test-method> <!-- educationGoalMoreThan55 -->
        <test-method status="PASS" signature="tearDown()[pri:0, instance:com.ey.test3po.userjourney.EducationGoalUserSignUpJourneyMoreThan55Test@33f88ab]" name="tearDown" is-config="true" duration-ms="4909" started-at="2018-08-23T16:10:50Z" finished-at="2018-08-23T16:10:55Z">
          <reporter-output>
          </reporter-output>
        </test-method> <!-- tearDown -->
        <test-method status="PASS" signature="setUp()[pri:0, instance:com.ey.test3po.userjourney.EducationGoalUserSignUpJourneyMoreThan55Test@33f88ab]" name="setUp" is-config="true" duration-ms="31425" started-at="2018-08-23T16:10:55Z" finished-at="2018-08-23T16:11:27Z">
          <reporter-output>
          </reporter-output>
        </test-method> <!-- setUp -->
        <test-method status="FAIL" signature="educationGoalMoreThan55(java.lang.String, java.lang.String, java.lang.String, java.lang.String, java.lang.String, java.lang.String, java.lang.String, java.lang.String, java.lang.String, java.lang.String, java.lang.String, java.lang.String, java.lang.String, java.lang.String, java.lang.String, java.lang.String, java.lang.String, java.lang.String, java.lang.String, java.lang.String, java.lang.String)[pri:1, instance:com.ey.test3po.userjourney.EducationGoalUserSignUpJourneyMoreThan55Test@33f88ab]" name="educationGoalMoreThan55" duration-ms="263221" started-at="2018-08-23T16:11:27Z" data-provider="getQuestionnaireTestData" finished-at="2018-08-23T16:15:50Z">
          <params>
            <param index="0">
              <value>
                <![CDATA[1000000]]>
              </value>
            </param>
            <param index="1">
              <value>
                <![CDATA[33150]]>
              </value>
            </param>
            <param index="2">
              <value>
                <![CDATA[60]]>
              </value>
            </param>
            <param index="3">
              <value>
                <![CDATA[Education 4]]>
              </value>
            </param>
            <param index="4">
              <value>
                <![CDATA[2019]]>
              </value>
            </param>
            <param index="5">
              <value>
                <![CDATA[Test3]]>
              </value>
            </param>
            <param index="6">
              <value>
                <![CDATA[62858]]>
              </value>
            </param>
            <param index="7">
              <value>
                <![CDATA[5]]>
              </value>
            </param>
            <param index="8">
              <value>
                <![CDATA[It's not important that I achieve this goal]]>
              </value>
            </param>
            <param index="9">
              <value>
                <![CDATA[293252]]>
              </value>
            </param>
            <param index="10">
              <value>
                <![CDATA[]]>
              </value>
            </param>
            <param index="11">
              <value>
                <![CDATA[Test]]>
              </value>
            </param>
            <param index="12">
              <value>
                <![CDATA[test@test.com]]>
              </value>
            </param>
            <param index="13">
              <value>
                <![CDATA[123.0]]>
              </value>
            </param>
            <param index="14">
              <value>
                <![CDATA[123.0]]>
              </value>
            </param>
            <param index="15">
              <value>
                <![CDATA[293252]]>
              </value>
            </param>
            <param index="16">
              <value>
                <![CDATA[62859]]>
              </value>
            </param>
            <param index="17">
              <value>
                <![CDATA[]]>
              </value>
            </param>
            <param index="18">
              <value>
                <![CDATA[62859]]>
              </value>
            </param>
            <param index="19">
              <value>
                <![CDATA[]]>
              </value>
            </param>
            <param index="20">
              <value>
                <![CDATA[TC_12]]>
              </value>
            </param>
          </params>
          <exception class="java.lang.NumberFormatException">
            <message>
              <![CDATA[empty String]]>
            </message>
            <full-stacktrace>
              <![CDATA[java.lang.NumberFormatException: empty String
at sun.misc.FloatingDecimal.readJavaFormatString(FloatingDecimal.java:1842)
at sun.misc.FloatingDecimal.parseDouble(FloatingDecimal.java:110)
at java.lang.Double.parseDouble(Double.java:538)
at com.ey.test3po.userjourney.EducationGoalUserSignUpJourneyMoreThan55Test.educationGoalMoreThan55(EducationGoalUserSignUpJourneyMoreThan55Test.java:252)
at sun.reflect.NativeMethodAccessorImpl.invoke0(Native Method)
at sun.reflect.NativeMethodAccessorImpl.invoke(NativeMethodAccessorImpl.java:62)
at sun.reflect.DelegatingMethodAccessorImpl.invoke(DelegatingMethodAccessorImpl.java:43)
at java.lang.reflect.Method.invoke(Method.java:498)
at org.testng.internal.MethodInvocationHelper.invokeMethod(MethodInvocationHelper.java:124)
at org.testng.internal.Invoker.invokeMethod(Invoker.java:580)
at org.testng.internal.Invoker.retryFailed(Invoker.java:838)
at org.testng.internal.Invoker.invokeTestMethods(Invoker.java:1009)
at org.testng.internal.TestMethodWorker.invokeTestMethods(TestMethodWorker.java:125)
at org.testng.internal.TestMethodWorker.run(TestMethodWorker.java:109)
at org.testng.TestRunner.privateRun(TestRunner.java:648)
at org.testng.TestRunner.run(TestRunner.java:505)
at org.testng.SuiteRunner.runTest(SuiteRunner.java:455)
at org.testng.SuiteRunner.runSequentially(SuiteRunner.java:450)
at org.testng.SuiteRunner.privateRun(SuiteRunner.java:415)
at org.testng.SuiteRunner.run(SuiteRunner.java:364)
at org.testng.SuiteRunnerWorker.runSuite(SuiteRunnerWorker.java:52)
at org.testng.SuiteRunnerWorker.run(SuiteRunnerWorker.java:84)
at org.testng.TestNG.runSuitesSequentially(TestNG.java:1208)
at org.testng.TestNG.runSuitesLocally(TestNG.java:1137)
at org.testng.TestNG.runSuites(TestNG.java:1049)
at org.testng.TestNG.run(TestNG.java:1017)
at org.testng.remote.AbstractRemoteTestNG.run(AbstractRemoteTestNG.java:114)
at org.testng.remote.RemoteTestNG.initAndRun(RemoteTestNG.java:251)
at org.testng.remote.RemoteTestNG.main(RemoteTestNG.java:77)
]]>
            </full-stacktrace>
          </exception> <!-- java.lang.NumberFormatException -->
          <reporter-output>
            <line>
              <![CDATA[<img src="file://C:\Back Up\Project Work\Learning Stuffs\Eclipse Oxygen\3PO\screenshots\TC_12_educationGoalMoreThan55_failed_2018.Aug.23.21.45.53.png" alt=""/>]]>
            </line>
          </reporter-output>
        </test-method> <!-- educationGoalMoreThan55 -->
        <test-method status="PASS" signature="tearDown()[pri:0, instance:com.ey.test3po.userjourney.EducationGoalUserSignUpJourneyMoreThan55Test@33f88ab]" name="tearDown" is-config="true" duration-ms="4609" started-at="2018-08-23T16:15:53Z" finished-at="2018-08-23T16:15:58Z">
          <reporter-output>
          </reporter-output>
        </test-method> <!-- tearDown -->
        <test-method status="PASS" signature="setUp()[pri:0, instance:com.ey.test3po.userjourney.EducationGoalUserSignUpJourneyMoreThan55Test@33f88ab]" name="setUp" is-config="true" duration-ms="33975" started-at="2018-08-23T16:15:58Z" finished-at="2018-08-23T16:16:32Z">
          <reporter-output>
          </reporter-output>
        </test-method> <!-- setUp -->
        <test-method status="FAIL" signature="educationGoalMoreThan55(java.lang.String, java.lang.String, java.lang.String, java.lang.String, java.lang.String, java.lang.String, java.lang.String, java.lang.String, java.lang.String, java.lang.String, java.lang.String, java.lang.String, java.lang.String, java.lang.String, java.lang.String, java.lang.String, java.lang.String, java.lang.String, java.lang.String, java.lang.String, java.lang.String)[pri:1, instance:com.ey.test3po.userjourney.EducationGoalUserSignUpJourneyMoreThan55Test@33f88ab]" name="educationGoalMoreThan55" duration-ms="183601" started-at="2018-08-23T16:16:32Z" data-provider="getQuestionnaireTestData" finished-at="2018-08-23T16:19:36Z">
          <params>
            <param index="0">
              <value>
                <![CDATA[1000000]]>
              </value>
            </param>
            <param index="1">
              <value>
                <![CDATA[33150]]>
              </value>
            </param>
            <param index="2">
              <value>
                <![CDATA[60]]>
              </value>
            </param>
            <param index="3">
              <value>
                <![CDATA[Education 4]]>
              </value>
            </param>
            <param index="4">
              <value>
                <![CDATA[2019]]>
              </value>
            </param>
            <param index="5">
              <value>
                <![CDATA[Test3]]>
              </value>
            </param>
            <param index="6">
              <value>
                <![CDATA[62858]]>
              </value>
            </param>
            <param index="7">
              <value>
                <![CDATA[5]]>
              </value>
            </param>
            <param index="8">
              <value>
                <![CDATA[It's not important that I achieve this goal]]>
              </value>
            </param>
            <param index="9">
              <value>
                <![CDATA[293292]]>
              </value>
            </param>
            <param index="10">
              <value>
                <![CDATA[]]>
              </value>
            </param>
            <param index="11">
              <value>
                <![CDATA[Test]]>
              </value>
            </param>
            <param index="12">
              <value>
                <![CDATA[test@test.com]]>
              </value>
            </param>
            <param index="13">
              <value>
                <![CDATA[123.0]]>
              </value>
            </param>
            <param index="14">
              <value>
                <![CDATA[123.0]]>
              </value>
            </param>
            <param index="15">
              <value>
                <![CDATA[293252]]>
              </value>
            </param>
            <param index="16">
              <value>
                <![CDATA[62867]]>
              </value>
            </param>
            <param index="17">
              <value>
                <![CDATA[]]>
              </value>
            </param>
            <param index="18">
              <value>
                <![CDATA[62867]]>
              </value>
            </param>
            <param index="19">
              <value>
                <![CDATA[]]>
              </value>
            </param>
            <param index="20">
              <value>
                <![CDATA[TC_15]]>
              </value>
            </param>
          </params>
          <exception class="java.lang.NumberFormatException">
            <message>
              <![CDATA[empty String]]>
            </message>
            <full-stacktrace>
              <![CDATA[java.lang.NumberFormatException: empty String
at sun.misc.FloatingDecimal.readJavaFormatString(FloatingDecimal.java:1842)
at sun.misc.FloatingDecimal.parseDouble(FloatingDecimal.java:110)
at java.lang.Double.parseDouble(Double.java:538)
at com.ey.test3po.userjourney.EducationGoalUserSignUpJourneyMoreThan55Test.educationGoalMoreThan55(EducationGoalUserSignUpJourneyMoreThan55Test.java:252)
at sun.reflect.NativeMethodAccessorImpl.invoke0(Native Method)
at sun.reflect.NativeMethodAccessorImpl.invoke(NativeMethodAccessorImpl.java:62)
at sun.reflect.DelegatingMethodAccessorImpl.invoke(DelegatingMethodAccessorImpl.java:43)
at java.lang.reflect.Method.invoke(Method.java:498)
at org.testng.internal.MethodInvocationHelper.invokeMethod(MethodInvocationHelper.java:124)
at org.testng.internal.Invoker.invokeMethod(Invoker.java:580)
at org.testng.internal.Invoker.invokeTestMethod(Invoker.java:716)
at org.testng.internal.Invoker.invokeTestMethods(Invoker.java:988)
at org.testng.internal.TestMethodWorker.invokeTestMethods(TestMethodWorker.java:125)
at org.testng.internal.TestMethodWorker.run(TestMethodWorker.java:109)
at org.testng.TestRunner.privateRun(TestRunner.java:648)
at org.testng.TestRunner.run(TestRunner.java:505)
at org.testng.SuiteRunner.runTest(SuiteRunner.java:455)
at org.testng.SuiteRunner.runSequentially(SuiteRunner.java:450)
at org.testng.SuiteRunner.privateRun(SuiteRunner.java:415)
at org.testng.SuiteRunner.run(SuiteRunner.java:364)
at org.testng.SuiteRunnerWorker.runSuite(SuiteRunnerWorker.java:52)
at org.testng.SuiteRunnerWorker.run(SuiteRunnerWorker.java:84)
at org.testng.TestNG.runSuitesSequentially(TestNG.java:1208)
at org.testng.TestNG.runSuitesLocally(TestNG.java:1137)
at org.testng.TestNG.runSuites(TestNG.java:1049)
at org.testng.TestNG.run(TestNG.java:1017)
at org.testng.remote.AbstractRemoteTestNG.run(AbstractRemoteTestNG.java:114)
at org.testng.remote.RemoteTestNG.initAndRun(RemoteTestNG.java:251)
at org.testng.remote.RemoteTestNG.main(RemoteTestNG.java:77)
]]>
            </full-stacktrace>
          </exception> <!-- java.lang.NumberFormatException -->
          <reporter-output>
            <line>
              <![CDATA[<img src="file://C:\Back Up\Project Work\Learning Stuffs\Eclipse Oxygen\3PO\screenshots\TC_15_educationGoalMoreThan55_failed_2018.Aug.23.21.49.39.png" alt=""/>]]>
            </line>
          </reporter-output>
        </test-method> <!-- educationGoalMoreThan55 -->
        <test-method status="PASS" signature="tearDown()[pri:0, instance:com.ey.test3po.userjourney.EducationGoalUserSignUpJourneyMoreThan55Test@33f88ab]" name="tearDown" is-config="true" duration-ms="4743" started-at="2018-08-23T16:19:39Z" finished-at="2018-08-23T16:19:44Z">
          <reporter-output>
          </reporter-output>
        </test-method> <!-- tearDown -->
        <test-method status="PASS" signature="setUp()[pri:0, instance:com.ey.test3po.userjourney.EducationGoalUserSignUpJourneyMoreThan55Test@33f88ab]" name="setUp" is-config="true" duration-ms="31111" started-at="2018-08-23T16:19:44Z" finished-at="2018-08-23T16:20:15Z">
          <reporter-output>
          </reporter-output>
        </test-method> <!-- setUp -->
        <test-method status="FAIL" signature="educationGoalMoreThan55(java.lang.String, java.lang.String, java.lang.String, java.lang.String, java.lang.String, java.lang.String, java.lang.String, java.lang.String, java.lang.String, java.lang.String, java.lang.String, java.lang.String, java.lang.String, java.lang.String, java.lang.String, java.lang.String, java.lang.String, java.lang.String, java.lang.String, java.lang.String, java.lang.String)[pri:1, instance:com.ey.test3po.userjourney.EducationGoalUserSignUpJourneyMoreThan55Test@33f88ab]" name="educationGoalMoreThan55" duration-ms="232547" started-at="2018-08-23T16:20:15Z" data-provider="getQuestionnaireTestData" finished-at="2018-08-23T16:24:08Z">
          <params>
            <param index="0">
              <value>
                <![CDATA[1000000]]>
              </value>
            </param>
            <param index="1">
              <value>
                <![CDATA[33150]]>
              </value>
            </param>
            <param index="2">
              <value>
                <![CDATA[60]]>
              </value>
            </param>
            <param index="3">
              <value>
                <![CDATA[Education 4]]>
              </value>
            </param>
            <param index="4">
              <value>
                <![CDATA[2019]]>
              </value>
            </param>
            <param index="5">
              <value>
                <![CDATA[Test3]]>
              </value>
            </param>
            <param index="6">
              <value>
                <![CDATA[62858]]>
              </value>
            </param>
            <param index="7">
              <value>
                <![CDATA[5]]>
              </value>
            </param>
            <param index="8">
              <value>
                <![CDATA[It's not important that I achieve this goal]]>
              </value>
            </param>
            <param index="9">
              <value>
                <![CDATA[293292]]>
              </value>
            </param>
            <param index="10">
              <value>
                <![CDATA[]]>
              </value>
            </param>
            <param index="11">
              <value>
                <![CDATA[Test]]>
              </value>
            </param>
            <param index="12">
              <value>
                <![CDATA[test@test.com]]>
              </value>
            </param>
            <param index="13">
              <value>
                <![CDATA[123.0]]>
              </value>
            </param>
            <param index="14">
              <value>
                <![CDATA[123.0]]>
              </value>
            </param>
            <param index="15">
              <value>
                <![CDATA[293252]]>
              </value>
            </param>
            <param index="16">
              <value>
                <![CDATA[62867]]>
              </value>
            </param>
            <param index="17">
              <value>
                <![CDATA[]]>
              </value>
            </param>
            <param index="18">
              <value>
                <![CDATA[62867]]>
              </value>
            </param>
            <param index="19">
              <value>
                <![CDATA[]]>
              </value>
            </param>
            <param index="20">
              <value>
                <![CDATA[TC_15]]>
              </value>
            </param>
          </params>
          <exception class="java.lang.NumberFormatException">
            <message>
              <![CDATA[empty String]]>
            </message>
            <full-stacktrace>
              <![CDATA[java.lang.NumberFormatException: empty String
at sun.misc.FloatingDecimal.readJavaFormatString(FloatingDecimal.java:1842)
at sun.misc.FloatingDecimal.parseDouble(FloatingDecimal.java:110)
at java.lang.Double.parseDouble(Double.java:538)
at com.ey.test3po.userjourney.EducationGoalUserSignUpJourneyMoreThan55Test.educationGoalMoreThan55(EducationGoalUserSignUpJourneyMoreThan55Test.java:252)
at sun.reflect.NativeMethodAccessorImpl.invoke0(Native Method)
at sun.reflect.NativeMethodAccessorImpl.invoke(NativeMethodAccessorImpl.java:62)
at sun.reflect.DelegatingMethodAccessorImpl.invoke(DelegatingMethodAccessorImpl.java:43)
at java.lang.reflect.Method.invoke(Method.java:498)
at org.testng.internal.MethodInvocationHelper.invokeMethod(MethodInvocationHelper.java:124)
at org.testng.internal.Invoker.invokeMethod(Invoker.java:580)
at org.testng.internal.Invoker.retryFailed(Invoker.java:838)
at org.testng.internal.Invoker.invokeTestMethods(Invoker.java:1009)
at org.testng.internal.TestMethodWorker.invokeTestMethods(TestMethodWorker.java:125)
at org.testng.internal.TestMethodWorker.run(TestMethodWorker.java:109)
at org.testng.TestRunner.privateRun(TestRunner.java:648)
at org.testng.TestRunner.run(TestRunner.java:505)
at org.testng.SuiteRunner.runTest(SuiteRunner.java:455)
at org.testng.SuiteRunner.runSequentially(SuiteRunner.java:450)
at org.testng.SuiteRunner.privateRun(SuiteRunner.java:415)
at org.testng.SuiteRunner.run(SuiteRunner.java:364)
at org.testng.SuiteRunnerWorker.runSuite(SuiteRunnerWorker.java:52)
at org.testng.SuiteRunnerWorker.run(SuiteRunnerWorker.java:84)
at org.testng.TestNG.runSuitesSequentially(TestNG.java:1208)
at org.testng.TestNG.runSuitesLocally(TestNG.java:1137)
at org.testng.TestNG.runSuites(TestNG.java:1049)
at org.testng.TestNG.run(TestNG.java:1017)
at org.testng.remote.AbstractRemoteTestNG.run(AbstractRemoteTestNG.java:114)
at org.testng.remote.RemoteTestNG.initAndRun(RemoteTestNG.java:251)
at org.testng.remote.RemoteTestNG.main(RemoteTestNG.java:77)
]]>
            </full-stacktrace>
          </exception> <!-- java.lang.NumberFormatException -->
          <reporter-output>
            <line>
              <![CDATA[<img src="file://C:\Back Up\Project Work\Learning Stuffs\Eclipse Oxygen\3PO\screenshots\TC_15_educationGoalMoreThan55_failed_2018.Aug.23.21.54.12.png" alt=""/>]]>
            </line>
          </reporter-output>
        </test-method> <!-- educationGoalMoreThan55 -->
        <test-method status="PASS" signature="tearDown()[pri:0, instance:com.ey.test3po.userjourney.EducationGoalUserSignUpJourneyMoreThan55Test@33f88ab]" name="tearDown" is-config="true" duration-ms="5476" started-at="2018-08-23T16:24:12Z" finished-at="2018-08-23T16:24:18Z">
          <reporter-output>
          </reporter-output>
        </test-method> <!-- tearDown -->
      </class> <!-- com.ey.test3po.userjourney.EducationGoalUserSignUpJourneyMoreThan55Test -->
    </test> <!-- EducationGoalUserSignUpJourneyMoreThan55Test -->
  </suite> <!-- Suite -->
</testng-results>
